{"/var/www/vibe/gitprime/src/App.jsx": {"path":"/var/www/vibe/gitprime/src/App.jsx","statementMap":{"0":{"start":{"line":11,"column":40},"end":{"line":11,"column":54}},"1":{"start":{"line":12,"column":40},"end":{"line":12,"column":60}},"2":{"start":{"line":14,"column":27},"end":{"line":16,"column":3}},"3":{"start":{"line":15,"column":4},"end":{"line":15,"column":24}},"4":{"start":{"line":18,"column":2},"end":{"line":47,"column":3}}},"fnMap":{"0":{"name":"App","decl":{"start":{"line":10,"column":9},"end":{"line":10,"column":12}},"loc":{"start":{"line":10,"column":15},"end":{"line":48,"column":1}},"line":10},"1":{"name":"(anonymous_1)","decl":{"start":{"line":14,"column":27},"end":{"line":14,"column":28}},"loc":{"start":{"line":14,"column":37},"end":{"line":16,"column":3}},"line":14}},"branchMap":{"0":{"loc":{"start":{"line":27,"column":12},"end":{"line":27,"column":42}},"type":"cond-expr","locations":[{"start":{"line":27,"column":26},"end":{"line":27,"column":33}},{"start":{"line":27,"column":36},"end":{"line":27,"column":42}}],"line":27}},"s":{"0":0,"1":0,"2":0,"3":0,"4":0},"f":{"0":0,"1":0},"b":{"0":[0,0]}}
,"/var/www/vibe/gitprime/src/components/CommentAnalysis.jsx": {"path":"/var/www/vibe/gitprime/src/components/CommentAnalysis.jsx","statementMap":{"0":{"start":{"line":5,"column":20},"end":{"line":5,"column":29}},"1":{"start":{"line":6,"column":34},"end":{"line":6,"column":46}},"2":{"start":{"line":7,"column":32},"end":{"line":7,"column":46}},"3":{"start":{"line":8,"column":36},"end":{"line":8,"column":58}},"4":{"start":{"line":9,"column":44},"end":{"line":9,"column":60}},"5":{"start":{"line":11,"column":2},"end":{"line":15,"column":25}},"6":{"start":{"line":12,"column":4},"end":{"line":14,"column":5}},"7":{"start":{"line":13,"column":6},"end":{"line":13,"column":24}},"8":{"start":{"line":17,"column":27},"end":{"line":85,"column":3}},"9":{"start":{"line":18,"column":4},"end":{"line":18,"column":20}},"10":{"start":{"line":19,"column":4},"end":{"line":19,"column":19}},"11":{"start":{"line":21,"column":4},"end":{"line":84,"column":5}},"12":{"start":{"line":23,"column":21},"end":{"line":23,"column":124}},"13":{"start":{"line":24,"column":6},"end":{"line":24,"column":60}},"14":{"start":{"line":26,"column":26},"end":{"line":31,"column":8}},"15":{"start":{"line":33,"column":6},"end":{"line":33,"column":61}},"16":{"start":{"line":35,"column":6},"end":{"line":79,"column":7}},"17":{"start":{"line":36,"column":20},"end":{"line":36,"column":44}},"18":{"start":{"line":37,"column":8},"end":{"line":37,"column":47}},"19":{"start":{"line":40,"column":28},"end":{"line":40,"column":30}},"20":{"start":{"line":41,"column":8},"end":{"line":72,"column":9}},"21":{"start":{"line":42,"column":10},"end":{"line":71,"column":11}},"22":{"start":{"line":43,"column":32},"end":{"line":43,"column":136}},"23":{"start":{"line":44,"column":12},"end":{"line":44,"column":64}},"24":{"start":{"line":46,"column":37},"end":{"line":51,"column":14}},"25":{"start":{"line":53,"column":12},"end":{"line":68,"column":13}},"26":{"start":{"line":54,"column":33},"end":{"line":54,"column":62}},"27":{"start":{"line":55,"column":14},"end":{"line":55,"column":78}},"28":{"start":{"line":57,"column":14},"end":{"line":67,"column":16}},"29":{"start":{"line":58,"column":16},"end":{"line":66,"column":18}},"30":{"start":{"line":70,"column":12},"end":{"line":70,"column":80}},"31":{"start":{"line":74,"column":8},"end":{"line":74,"column":68}},"32":{"start":{"line":75,"column":8},"end":{"line":75,"column":32}},"33":{"start":{"line":77,"column":26},"end":{"line":77,"column":50}},"34":{"start":{"line":78,"column":8},"end":{"line":78,"column":69}},"35":{"start":{"line":81,"column":6},"end":{"line":81,"column":58}},"36":{"start":{"line":83,"column":6},"end":{"line":83,"column":23}},"37":{"start":{"line":87,"column":32},"end":{"line":92,"column":3}},"38":{"start":{"line":88,"column":20},"end":{"line":88,"column":41}},"39":{"start":{"line":89,"column":15},"end":{"line":89,"column":31}},"40":{"start":{"line":90,"column":22},"end":{"line":90,"column":63}},"41":{"start":{"line":91,"column":4},"end":{"line":91,"column":42}},"42":{"start":{"line":94,"column":25},"end":{"line":103,"column":4}},"43":{"start":{"line":95,"column":19},"end":{"line":95,"column":31}},"44":{"start":{"line":96,"column":19},"end":{"line":96,"column":31}},"45":{"start":{"line":98,"column":4},"end":{"line":102,"column":5}},"46":{"start":{"line":99,"column":6},"end":{"line":99,"column":37}},"47":{"start":{"line":101,"column":6},"end":{"line":101,"column":37}},"48":{"start":{"line":105,"column":21},"end":{"line":112,"column":3}},"49":{"start":{"line":106,"column":4},"end":{"line":111,"column":5}},"50":{"start":{"line":107,"column":6},"end":{"line":107,"column":64}},"51":{"start":{"line":109,"column":6},"end":{"line":109,"column":25}},"52":{"start":{"line":110,"column":6},"end":{"line":110,"column":30}},"53":{"start":{"line":114,"column":22},"end":{"line":127,"column":3}},"54":{"start":{"line":115,"column":4},"end":{"line":115,"column":40}},"55":{"start":{"line":115,"column":29},"end":{"line":115,"column":40}},"56":{"start":{"line":117,"column":4},"end":{"line":126,"column":5}},"57":{"start":{"line":129,"column":2},"end":{"line":227,"column":3}},"58":{"start":{"line":144,"column":33},"end":{"line":144,"column":55}},"59":{"start":{"line":152,"column":33},"end":{"line":152,"column":53}},"60":{"start":{"line":161,"column":33},"end":{"line":161,"column":59}},"61":{"start":{"line":169,"column":33},"end":{"line":169,"column":57}},"62":{"start":{"line":179,"column":16},"end":{"line":207,"column":21}}},"fnMap":{"0":{"name":"CommentAnalysis","decl":{"start":{"line":4,"column":24},"end":{"line":4,"column":39}},"loc":{"start":{"line":4,"column":56},"end":{"line":228,"column":1}},"line":4},"1":{"name":"(anonymous_1)","decl":{"start":{"line":11,"column":12},"end":{"line":11,"column":13}},"loc":{"start":{"line":11,"column":18},"end":{"line":15,"column":3}},"line":11},"2":{"name":"(anonymous_2)","decl":{"start":{"line":17,"column":27},"end":{"line":17,"column":28}},"loc":{"start":{"line":17,"column":39},"end":{"line":85,"column":3}},"line":17},"3":{"name":"(anonymous_3)","decl":{"start":{"line":57,"column":33},"end":{"line":57,"column":34}},"loc":{"start":{"line":57,"column":44},"end":{"line":67,"column":15}},"line":57},"4":{"name":"(anonymous_4)","decl":{"start":{"line":87,"column":32},"end":{"line":87,"column":33}},"loc":{"start":{"line":87,"column":57},"end":{"line":92,"column":3}},"line":87},"5":{"name":"(anonymous_5)","decl":{"start":{"line":94,"column":44},"end":{"line":94,"column":45}},"loc":{"start":{"line":94,"column":54},"end":{"line":103,"column":3}},"line":94},"6":{"name":"(anonymous_6)","decl":{"start":{"line":105,"column":21},"end":{"line":105,"column":22}},"loc":{"start":{"line":105,"column":32},"end":{"line":112,"column":3}},"line":105},"7":{"name":"(anonymous_7)","decl":{"start":{"line":114,"column":22},"end":{"line":114,"column":23}},"loc":{"start":{"line":114,"column":33},"end":{"line":127,"column":3}},"line":114},"8":{"name":"(anonymous_8)","decl":{"start":{"line":144,"column":27},"end":{"line":144,"column":28}},"loc":{"start":{"line":144,"column":33},"end":{"line":144,"column":55}},"line":144},"9":{"name":"(anonymous_9)","decl":{"start":{"line":152,"column":27},"end":{"line":152,"column":28}},"loc":{"start":{"line":152,"column":33},"end":{"line":152,"column":53}},"line":152},"10":{"name":"(anonymous_10)","decl":{"start":{"line":161,"column":27},"end":{"line":161,"column":28}},"loc":{"start":{"line":161,"column":33},"end":{"line":161,"column":59}},"line":161},"11":{"name":"(anonymous_11)","decl":{"start":{"line":169,"column":27},"end":{"line":169,"column":28}},"loc":{"start":{"line":169,"column":33},"end":{"line":169,"column":57}},"line":169},"12":{"name":"(anonymous_12)","decl":{"start":{"line":178,"column":34},"end":{"line":178,"column":35}},"loc":{"start":{"line":179,"column":16},"end":{"line":207,"column":21}},"line":179}},"branchMap":{"0":{"loc":{"start":{"line":12,"column":4},"end":{"line":14,"column":5}},"type":"if","locations":[{"start":{"line":12,"column":4},"end":{"line":14,"column":5}},{"start":{},"end":{}}],"line":12},"1":{"loc":{"start":{"line":12,"column":8},"end":{"line":12,"column":27}},"type":"binary-expr","locations":[{"start":{"line":12,"column":8},"end":{"line":12,"column":18}},{"start":{"line":12,"column":22},"end":{"line":12,"column":27}}],"line":12},"2":{"loc":{"start":{"line":35,"column":6},"end":{"line":79,"column":7}},"type":"if","locations":[{"start":{"line":35,"column":6},"end":{"line":79,"column":7}},{"start":{"line":76,"column":13},"end":{"line":79,"column":7}}],"line":35},"3":{"loc":{"start":{"line":53,"column":12},"end":{"line":68,"column":13}},"type":"if","locations":[{"start":{"line":53,"column":12},"end":{"line":68,"column":13}},{"start":{},"end":{}}],"line":53},"4":{"loc":{"start":{"line":98,"column":4},"end":{"line":102,"column":5}},"type":"if","locations":[{"start":{"line":98,"column":4},"end":{"line":102,"column":5}},{"start":{"line":100,"column":11},"end":{"line":102,"column":5}}],"line":98},"5":{"loc":{"start":{"line":99,"column":13},"end":{"line":99,"column":37}},"type":"cond-expr","locations":[{"start":{"line":99,"column":31},"end":{"line":99,"column":32}},{"start":{"line":99,"column":35},"end":{"line":99,"column":37}}],"line":99},"6":{"loc":{"start":{"line":101,"column":13},"end":{"line":101,"column":37}},"type":"cond-expr","locations":[{"start":{"line":101,"column":31},"end":{"line":101,"column":32}},{"start":{"line":101,"column":35},"end":{"line":101,"column":37}}],"line":101},"7":{"loc":{"start":{"line":106,"column":4},"end":{"line":111,"column":5}},"type":"if","locations":[{"start":{"line":106,"column":4},"end":{"line":111,"column":5}},{"start":{"line":108,"column":11},"end":{"line":111,"column":5}}],"line":106},"8":{"loc":{"start":{"line":107,"column":23},"end":{"line":107,"column":63}},"type":"cond-expr","locations":[{"start":{"line":107,"column":49},"end":{"line":107,"column":55}},{"start":{"line":107,"column":58},"end":{"line":107,"column":63}}],"line":107},"9":{"loc":{"start":{"line":115,"column":4},"end":{"line":115,"column":40}},"type":"if","locations":[{"start":{"line":115,"column":4},"end":{"line":115,"column":40}},{"start":{},"end":{}}],"line":115},"10":{"loc":{"start":{"line":123,"column":13},"end":{"line":123,"column":73}},"type":"cond-expr","locations":[{"start":{"line":123,"column":39},"end":{"line":123,"column":54}},{"start":{"line":123,"column":57},"end":{"line":123,"column":73}}],"line":123},"11":{"loc":{"start":{"line":133,"column":7},"end":{"line":225,"column":7}},"type":"cond-expr","locations":[{"start":{"line":134,"column":8},"end":{"line":136,"column":14}},{"start":{"line":137,"column":10},"end":{"line":225,"column":7}}],"line":133},"12":{"loc":{"start":{"line":137,"column":10},"end":{"line":225,"column":7}},"type":"cond-expr","locations":[{"start":{"line":138,"column":8},"end":{"line":211,"column":14}},{"start":{"line":213,"column":8},"end":{"line":224,"column":14}}],"line":137},"13":{"loc":{"start":{"line":190,"column":23},"end":{"line":190,"column":57}},"type":"binary-expr","locations":[{"start":{"line":190,"column":23},"end":{"line":190,"column":48}},{"start":{"line":190,"column":52},"end":{"line":190,"column":57}}],"line":190},"14":{"loc":{"start":{"line":198,"column":22},"end":{"line":199,"column":85}},"type":"cond-expr","locations":[{"start":{"line":198,"column":51},"end":{"line":198,"column":67}},{"start":{"line":199,"column":22},"end":{"line":199,"column":85}}],"line":198},"15":{"loc":{"start":{"line":199,"column":22},"end":{"line":199,"column":85}},"type":"cond-expr","locations":[{"start":{"line":199,"column":51},"end":{"line":199,"column":68}},{"start":{"line":199,"column":71},"end":{"line":199,"column":85}}],"line":199}},"s":{"0":0,"1":0,"2":0,"3":0,"4":0,"5":0,"6":0,"7":0,"8":0,"9":0,"10":0,"11":0,"12":0,"13":0,"14":0,"15":0,"16":0,"17":0,"18":0,"19":0,"20":0,"21":0,"22":0,"23":0,"24":0,"25":0,"26":0,"27":0,"28":0,"29":0,"30":0,"31":0,"32":0,"33":0,"34":0,"35":0,"36":0,"37":0,"38":0,"39":0,"40":0,"41":0,"42":0,"43":0,"44":0,"45":0,"46":0,"47":0,"48":0,"49":0,"50":0,"51":0,"52":0,"53":0,"54":0,"55":0,"56":0,"57":0,"58":0,"59":0,"60":0,"61":0,"62":0},"f":{"0":0,"1":0,"2":0,"3":0,"4":0,"5":0,"6":0,"7":0,"8":0,"9":0,"10":0,"11":0,"12":0},"b":{"0":[0,0],"1":[0,0],"2":[0,0],"3":[0,0],"4":[0,0],"5":[0,0],"6":[0,0],"7":[0,0],"8":[0,0],"9":[0,0],"10":[0,0],"11":[0,0],"12":[0,0],"13":[0,0],"14":[0,0],"15":[0,0]}}
,"/var/www/vibe/gitprime/src/components/CommitChart.jsx": {"path":"/var/www/vibe/gitprime/src/components/CommitChart.jsx","statementMap":{"0":{"start":{"line":15,"column":0},"end":{"line":23,"column":1}},"1":{"start":{"line":26,"column":20},"end":{"line":26,"column":29}},"2":{"start":{"line":27,"column":36},"end":{"line":27,"column":50}},"3":{"start":{"line":28,"column":32},"end":{"line":28,"column":46}},"4":{"start":{"line":29,"column":36},"end":{"line":29,"column":48}},"5":{"start":{"line":31,"column":2},"end":{"line":35,"column":36}},"6":{"start":{"line":32,"column":4},"end":{"line":34,"column":5}},"7":{"start":{"line":33,"column":6},"end":{"line":33,"column":23}},"8":{"start":{"line":37,"column":26},"end":{"line":73,"column":3}},"9":{"start":{"line":38,"column":4},"end":{"line":38,"column":20}},"10":{"start":{"line":39,"column":4},"end":{"line":39,"column":22}},"11":{"start":{"line":41,"column":4},"end":{"line":72,"column":5}},"12":{"start":{"line":42,"column":22},"end":{"line":42,"column":90}},"13":{"start":{"line":43,"column":18},"end":{"line":43,"column":131}},"14":{"start":{"line":45,"column":6},"end":{"line":45,"column":58}},"15":{"start":{"line":47,"column":23},"end":{"line":52,"column":8}},"16":{"start":{"line":54,"column":6},"end":{"line":54,"column":67}},"17":{"start":{"line":56,"column":6},"end":{"line":65,"column":7}},"18":{"start":{"line":57,"column":24},"end":{"line":57,"column":45}},"19":{"start":{"line":58,"column":8},"end":{"line":58,"column":61}},"20":{"start":{"line":59,"column":8},"end":{"line":59,"column":34}},"21":{"start":{"line":61,"column":26},"end":{"line":61,"column":47}},"22":{"start":{"line":62,"column":8},"end":{"line":62,"column":69}},"23":{"start":{"line":64,"column":8},"end":{"line":64,"column":29}},"24":{"start":{"line":67,"column":6},"end":{"line":67,"column":63}},"25":{"start":{"line":69,"column":6},"end":{"line":69,"column":27}},"26":{"start":{"line":71,"column":6},"end":{"line":71,"column":23}},"27":{"start":{"line":75,"column":28},"end":{"line":116,"column":3}},"28":{"start":{"line":77,"column":26},"end":{"line":77,"column":28}},"29":{"start":{"line":78,"column":18},"end":{"line":78,"column":28}},"30":{"start":{"line":81,"column":4},"end":{"line":85,"column":5}},"31":{"start":{"line":81,"column":17},"end":{"line":81,"column":18}},"32":{"start":{"line":82,"column":19},"end":{"line":82,"column":70}},"33":{"start":{"line":83,"column":22},"end":{"line":83,"column":54}},"34":{"start":{"line":84,"column":6},"end":{"line":84,"column":32}},"35":{"start":{"line":88,"column":4},"end":{"line":93,"column":6}},"36":{"start":{"line":89,"column":19},"end":{"line":89,"column":82}},"37":{"start":{"line":90,"column":6},"end":{"line":92,"column":7}},"38":{"start":{"line":91,"column":8},"end":{"line":91,"column":29}},"39":{"start":{"line":96,"column":24},"end":{"line":96,"column":57}},"40":{"start":{"line":97,"column":19},"end":{"line":100,"column":6}},"41":{"start":{"line":98,"column":16},"end":{"line":98,"column":30}},"42":{"start":{"line":99,"column":6},"end":{"line":99,"column":78}},"43":{"start":{"line":101,"column":17},"end":{"line":101,"column":61}},"44":{"start":{"line":101,"column":41},"end":{"line":101,"column":60}},"45":{"start":{"line":103,"column":4},"end":{"line":115,"column":6}},"46":{"start":{"line":118,"column":18},"end":{"line":153,"column":3}},"47":{"start":{"line":155,"column":2},"end":{"line":184,"column":3}},"48":{"start":{"line":161,"column":27},"end":{"line":161,"column":65}}},"fnMap":{"0":{"name":"CommitChart","decl":{"start":{"line":25,"column":24},"end":{"line":25,"column":35}},"loc":{"start":{"line":25,"column":52},"end":{"line":185,"column":1}},"line":25},"1":{"name":"(anonymous_1)","decl":{"start":{"line":31,"column":12},"end":{"line":31,"column":13}},"loc":{"start":{"line":31,"column":18},"end":{"line":35,"column":3}},"line":31},"2":{"name":"(anonymous_2)","decl":{"start":{"line":37,"column":26},"end":{"line":37,"column":27}},"loc":{"start":{"line":37,"column":38},"end":{"line":73,"column":3}},"line":37},"3":{"name":"(anonymous_3)","decl":{"start":{"line":75,"column":28},"end":{"line":75,"column":29}},"loc":{"start":{"line":75,"column":41},"end":{"line":116,"column":3}},"line":75},"4":{"name":"(anonymous_4)","decl":{"start":{"line":88,"column":20},"end":{"line":88,"column":21}},"loc":{"start":{"line":88,"column":30},"end":{"line":93,"column":5}},"line":88},"5":{"name":"(anonymous_5)","decl":{"start":{"line":97,"column":35},"end":{"line":97,"column":36}},"loc":{"start":{"line":97,"column":43},"end":{"line":100,"column":5}},"line":97},"6":{"name":"(anonymous_6)","decl":{"start":{"line":101,"column":33},"end":{"line":101,"column":34}},"loc":{"start":{"line":101,"column":41},"end":{"line":101,"column":60}},"line":101},"7":{"name":"(anonymous_7)","decl":{"start":{"line":161,"column":20},"end":{"line":161,"column":21}},"loc":{"start":{"line":161,"column":27},"end":{"line":161,"column":65}},"line":161}},"branchMap":{"0":{"loc":{"start":{"line":32,"column":4},"end":{"line":34,"column":5}},"type":"if","locations":[{"start":{"line":32,"column":4},"end":{"line":34,"column":5}},{"start":{},"end":{}}],"line":32},"1":{"loc":{"start":{"line":32,"column":8},"end":{"line":32,"column":27}},"type":"binary-expr","locations":[{"start":{"line":32,"column":8},"end":{"line":32,"column":18}},{"start":{"line":32,"column":22},"end":{"line":32,"column":27}}],"line":32},"2":{"loc":{"start":{"line":56,"column":6},"end":{"line":65,"column":7}},"type":"if","locations":[{"start":{"line":56,"column":6},"end":{"line":65,"column":7}},{"start":{"line":60,"column":13},"end":{"line":65,"column":7}}],"line":56},"3":{"loc":{"start":{"line":90,"column":6},"end":{"line":92,"column":7}},"type":"if","locations":[{"start":{"line":90,"column":6},"end":{"line":92,"column":7}},{"start":{},"end":{}}],"line":90},"4":{"loc":{"start":{"line":170,"column":7},"end":{"line":182,"column":7}},"type":"cond-expr","locations":[{"start":{"line":171,"column":8},"end":{"line":173,"column":14}},{"start":{"line":174,"column":10},"end":{"line":182,"column":7}}],"line":170},"5":{"loc":{"start":{"line":174,"column":10},"end":{"line":182,"column":7}},"type":"cond-expr","locations":[{"start":{"line":175,"column":8},"end":{"line":177,"column":14}},{"start":{"line":179,"column":8},"end":{"line":181,"column":14}}],"line":174}},"s":{"0":0,"1":0,"2":0,"3":0,"4":0,"5":0,"6":0,"7":0,"8":0,"9":0,"10":0,"11":0,"12":0,"13":0,"14":0,"15":0,"16":0,"17":0,"18":0,"19":0,"20":0,"21":0,"22":0,"23":0,"24":0,"25":0,"26":0,"27":0,"28":0,"29":0,"30":0,"31":0,"32":0,"33":0,"34":0,"35":0,"36":0,"37":0,"38":0,"39":0,"40":0,"41":0,"42":0,"43":0,"44":0,"45":0,"46":0,"47":0,"48":0},"f":{"0":0,"1":0,"2":0,"3":0,"4":0,"5":0,"6":0,"7":0},"b":{"0":[0,0],"1":[0,0],"2":[0,0],"3":[0,0],"4":[0,0],"5":[0,0]}}
,"/var/www/vibe/gitprime/src/components/DebugPanel.jsx": {"path":"/var/www/vibe/gitprime/src/components/DebugPanel.jsx","statementMap":{"0":{"start":{"line":4,"column":30},"end":{"line":4,"column":45}},"1":{"start":{"line":5,"column":40},"end":{"line":5,"column":52}},"2":{"start":{"line":6,"column":32},"end":{"line":6,"column":47}},"3":{"start":{"line":8,"column":23},"end":{"line":39,"column":3}},"4":{"start":{"line":9,"column":4},"end":{"line":38,"column":5}},"5":{"start":{"line":10,"column":23},"end":{"line":15,"column":8}},"6":{"start":{"line":17,"column":21},"end":{"line":21,"column":7}},"7":{"start":{"line":23,"column":6},"end":{"line":28,"column":7}},"8":{"start":{"line":24,"column":21},"end":{"line":24,"column":42}},"9":{"start":{"line":25,"column":8},"end":{"line":25,"column":78}},"10":{"start":{"line":27,"column":8},"end":{"line":27,"column":44}},"11":{"start":{"line":30,"column":6},"end":{"line":30,"column":19}},"12":{"start":{"line":32,"column":6},"end":{"line":37,"column":7}},"13":{"start":{"line":41,"column":19},"end":{"line":61,"column":3}},"14":{"start":{"line":42,"column":4},"end":{"line":42,"column":37}},"15":{"start":{"line":42,"column":31},"end":{"line":42,"column":37}},"16":{"start":{"line":44,"column":4},"end":{"line":44,"column":20}},"17":{"start":{"line":45,"column":20},"end":{"line":45,"column":22}},"18":{"start":{"line":47,"column":18},"end":{"line":53,"column":5}},"19":{"start":{"line":55,"column":4},"end":{"line":57,"column":5}},"20":{"start":{"line":56,"column":6},"end":{"line":56,"column":51}},"21":{"start":{"line":59,"column":4},"end":{"line":59,"column":27}},"22":{"start":{"line":60,"column":4},"end":{"line":60,"column":21}},"23":{"start":{"line":63,"column":25},"end":{"line":68,"column":3}},"24":{"start":{"line":64,"column":4},"end":{"line":64,"column":39}},"25":{"start":{"line":64,"column":17},"end":{"line":64,"column":39}},"26":{"start":{"line":65,"column":4},"end":{"line":65,"column":42}},"27":{"start":{"line":65,"column":19},"end":{"line":65,"column":42}},"28":{"start":{"line":66,"column":4},"end":{"line":66,"column":55}},"29":{"start":{"line":66,"column":31},"end":{"line":66,"column":55}},"30":{"start":{"line":67,"column":4},"end":{"line":67,"column":25}},"31":{"start":{"line":70,"column":24},"end":{"line":75,"column":3}},"32":{"start":{"line":71,"column":4},"end":{"line":71,"column":27}},"33":{"start":{"line":71,"column":17},"end":{"line":71,"column":27}},"34":{"start":{"line":72,"column":4},"end":{"line":72,"column":29}},"35":{"start":{"line":72,"column":19},"end":{"line":72,"column":29}},"36":{"start":{"line":73,"column":4},"end":{"line":73,"column":42}},"37":{"start":{"line":73,"column":31},"end":{"line":73,"column":42}},"38":{"start":{"line":74,"column":4},"end":{"line":74,"column":14}},"39":{"start":{"line":77,"column":2},"end":{"line":92,"column":3}},"40":{"start":{"line":78,"column":4},"end":{"line":91,"column":5}},"41":{"start":{"line":81,"column":25},"end":{"line":81,"column":40}},"42":{"start":{"line":94,"column":2},"end":{"line":158,"column":3}},"43":{"start":{"line":99,"column":25},"end":{"line":99,"column":41}},"44":{"start":{"line":127,"column":18},"end":{"line":135,"column":24}}},"fnMap":{"0":{"name":"DebugPanel","decl":{"start":{"line":3,"column":24},"end":{"line":3,"column":34}},"loc":{"start":{"line":3,"column":58},"end":{"line":159,"column":1}},"line":3},"1":{"name":"(anonymous_1)","decl":{"start":{"line":8,"column":23},"end":{"line":8,"column":24}},"loc":{"start":{"line":8,"column":44},"end":{"line":39,"column":3}},"line":8},"2":{"name":"(anonymous_2)","decl":{"start":{"line":41,"column":19},"end":{"line":41,"column":20}},"loc":{"start":{"line":41,"column":31},"end":{"line":61,"column":3}},"line":41},"3":{"name":"(anonymous_3)","decl":{"start":{"line":63,"column":25},"end":{"line":63,"column":26}},"loc":{"start":{"line":63,"column":37},"end":{"line":68,"column":3}},"line":63},"4":{"name":"(anonymous_4)","decl":{"start":{"line":70,"column":24},"end":{"line":70,"column":25}},"loc":{"start":{"line":70,"column":36},"end":{"line":75,"column":3}},"line":70},"5":{"name":"(anonymous_5)","decl":{"start":{"line":81,"column":19},"end":{"line":81,"column":20}},"loc":{"start":{"line":81,"column":25},"end":{"line":81,"column":40}},"line":81},"6":{"name":"(anonymous_6)","decl":{"start":{"line":99,"column":19},"end":{"line":99,"column":20}},"loc":{"start":{"line":99,"column":25},"end":{"line":99,"column":41}},"line":99},"7":{"name":"(anonymous_7)","decl":{"start":{"line":126,"column":49},"end":{"line":126,"column":50}},"loc":{"start":{"line":127,"column":18},"end":{"line":135,"column":24}},"line":127}},"branchMap":{"0":{"loc":{"start":{"line":23,"column":6},"end":{"line":28,"column":7}},"type":"if","locations":[{"start":{"line":23,"column":6},"end":{"line":28,"column":7}},{"start":{"line":26,"column":13},"end":{"line":28,"column":7}}],"line":23},"1":{"loc":{"start":{"line":25,"column":28},"end":{"line":25,"column":78}},"type":"cond-expr","locations":[{"start":{"line":25,"column":50},"end":{"line":25,"column":61}},{"start":{"line":25,"column":65},"end":{"line":25,"column":77}}],"line":25},"2":{"loc":{"start":{"line":25,"column":65},"end":{"line":25,"column":77}},"type":"cond-expr","locations":[{"start":{"line":25,"column":72},"end":{"line":25,"column":73}},{"start":{"line":25,"column":76},"end":{"line":25,"column":77}}],"line":25},"3":{"loc":{"start":{"line":42,"column":4},"end":{"line":42,"column":37}},"type":"if","locations":[{"start":{"line":42,"column":4},"end":{"line":42,"column":37}},{"start":{},"end":{}}],"line":42},"4":{"loc":{"start":{"line":42,"column":8},"end":{"line":42,"column":29}},"type":"binary-expr","locations":[{"start":{"line":42,"column":8},"end":{"line":42,"column":19}},{"start":{"line":42,"column":23},"end":{"line":42,"column":29}}],"line":42},"5":{"loc":{"start":{"line":64,"column":4},"end":{"line":64,"column":39}},"type":"if","locations":[{"start":{"line":64,"column":4},"end":{"line":64,"column":39}},{"start":{},"end":{}}],"line":64},"6":{"loc":{"start":{"line":65,"column":4},"end":{"line":65,"column":42}},"type":"if","locations":[{"start":{"line":65,"column":4},"end":{"line":65,"column":42}},{"start":{},"end":{}}],"line":65},"7":{"loc":{"start":{"line":66,"column":4},"end":{"line":66,"column":55}},"type":"if","locations":[{"start":{"line":66,"column":4},"end":{"line":66,"column":55}},{"start":{},"end":{}}],"line":66},"8":{"loc":{"start":{"line":71,"column":4},"end":{"line":71,"column":27}},"type":"if","locations":[{"start":{"line":71,"column":4},"end":{"line":71,"column":27}},{"start":{},"end":{}}],"line":71},"9":{"loc":{"start":{"line":72,"column":4},"end":{"line":72,"column":29}},"type":"if","locations":[{"start":{"line":72,"column":4},"end":{"line":72,"column":29}},{"start":{},"end":{}}],"line":72},"10":{"loc":{"start":{"line":73,"column":4},"end":{"line":73,"column":42}},"type":"if","locations":[{"start":{"line":73,"column":4},"end":{"line":73,"column":42}},{"start":{},"end":{}}],"line":73},"11":{"loc":{"start":{"line":77,"column":2},"end":{"line":92,"column":3}},"type":"if","locations":[{"start":{"line":77,"column":2},"end":{"line":92,"column":3}},{"start":{},"end":{}}],"line":77},"12":{"loc":{"start":{"line":109,"column":9},"end":{"line":155,"column":9}},"type":"cond-expr","locations":[{"start":{"line":110,"column":10},"end":{"line":110,"column":73}},{"start":{"line":111,"column":12},"end":{"line":155,"column":9}}],"line":109},"13":{"loc":{"start":{"line":111,"column":12},"end":{"line":155,"column":9}},"type":"cond-expr","locations":[{"start":{"line":112,"column":10},"end":{"line":112,"column":76}},{"start":{"line":114,"column":10},"end":{"line":154,"column":16}}],"line":111},"14":{"loc":{"start":{"line":120,"column":15},"end":{"line":120,"column":69}},"type":"cond-expr","locations":[{"start":{"line":120,"column":25},"end":{"line":120,"column":42}},{"start":{"line":120,"column":45},"end":{"line":120,"column":69}}],"line":120},"15":{"loc":{"start":{"line":123,"column":13},"end":{"line":147,"column":13}},"type":"binary-expr","locations":[{"start":{"line":123,"column":13},"end":{"line":123,"column":48}},{"start":{"line":124,"column":14},"end":{"line":146,"column":20}}],"line":123},"16":{"loc":{"start":{"line":131,"column":25},"end":{"line":131,"column":51}},"type":"binary-expr","locations":[{"start":{"line":131,"column":25},"end":{"line":131,"column":38}},{"start":{"line":131,"column":42},"end":{"line":131,"column":51}}],"line":131},"17":{"loc":{"start":{"line":138,"column":17},"end":{"line":145,"column":17}},"type":"binary-expr","locations":[{"start":{"line":138,"column":17},"end":{"line":138,"column":42}},{"start":{"line":138,"column":46},"end":{"line":138,"column":74}},{"start":{"line":139,"column":18},"end":{"line":144,"column":24}}],"line":138},"18":{"loc":{"start":{"line":152,"column":27},"end":{"line":152,"column":60}},"type":"cond-expr","locations":[{"start":{"line":152,"column":35},"end":{"line":152,"column":46}},{"start":{"line":152,"column":49},"end":{"line":152,"column":60}}],"line":152}},"s":{"0":0,"1":0,"2":0,"3":0,"4":0,"5":0,"6":0,"7":0,"8":0,"9":0,"10":0,"11":0,"12":0,"13":0,"14":0,"15":0,"16":0,"17":0,"18":0,"19":0,"20":0,"21":0,"22":0,"23":0,"24":0,"25":0,"26":0,"27":0,"28":0,"29":0,"30":0,"31":0,"32":0,"33":0,"34":0,"35":0,"36":0,"37":0,"38":0,"39":0,"40":0,"41":0,"42":0,"43":0,"44":0},"f":{"0":0,"1":0,"2":0,"3":0,"4":0,"5":0,"6":0,"7":0},"b":{"0":[0,0],"1":[0,0],"2":[0,0],"3":[0,0],"4":[0,0],"5":[0,0],"6":[0,0],"7":[0,0],"8":[0,0],"9":[0,0],"10":[0,0],"11":[0,0],"12":[0,0],"13":[0,0],"14":[0,0],"15":[0,0],"16":[0,0],"17":[0,0,0],"18":[0,0]}}
,"/var/www/vibe/gitprime/src/components/ExportTools.jsx": {"path":"/var/www/vibe/gitprime/src/components/ExportTools.jsx","statementMap":{"0":{"start":{"line":6,"column":36},"end":{"line":6,"column":51}},"1":{"start":{"line":8,"column":22},"end":{"line":53,"column":3}},"2":{"start":{"line":9,"column":4},"end":{"line":9,"column":22}},"3":{"start":{"line":11,"column":4},"end":{"line":52,"column":5}},"4":{"start":{"line":12,"column":23},"end":{"line":12,"column":25}},"5":{"start":{"line":13,"column":21},"end":{"line":13,"column":23}},"6":{"start":{"line":15,"column":6},"end":{"line":30,"column":7}},"7":{"start":{"line":17,"column":10},"end":{"line":17,"column":61}},"8":{"start":{"line":18,"column":10},"end":{"line":18,"column":95}},"9":{"start":{"line":19,"column":10},"end":{"line":19,"column":15}},"10":{"start":{"line":21,"column":10},"end":{"line":21,"column":63}},"11":{"start":{"line":22,"column":10},"end":{"line":22,"column":96}},"12":{"start":{"line":23,"column":10},"end":{"line":23,"column":15}},"13":{"start":{"line":25,"column":10},"end":{"line":25,"column":74}},"14":{"start":{"line":26,"column":10},"end":{"line":26,"column":106}},"15":{"start":{"line":27,"column":10},"end":{"line":27,"column":15}},"16":{"start":{"line":29,"column":10},"end":{"line":29,"column":46}},"17":{"start":{"line":33,"column":19},"end":{"line":33,"column":78}},"18":{"start":{"line":34,"column":19},"end":{"line":34,"column":46}},"19":{"start":{"line":36,"column":6},"end":{"line":44,"column":7}},"20":{"start":{"line":37,"column":20},"end":{"line":37,"column":45}},"21":{"start":{"line":38,"column":8},"end":{"line":38,"column":38}},"22":{"start":{"line":39,"column":8},"end":{"line":39,"column":47}},"23":{"start":{"line":40,"column":8},"end":{"line":40,"column":40}},"24":{"start":{"line":41,"column":8},"end":{"line":41,"column":39}},"25":{"start":{"line":42,"column":8},"end":{"line":42,"column":20}},"26":{"start":{"line":43,"column":8},"end":{"line":43,"column":39}},"27":{"start":{"line":46,"column":6},"end":{"line":46,"column":61}},"28":{"start":{"line":48,"column":6},"end":{"line":48,"column":54}},"29":{"start":{"line":49,"column":6},"end":{"line":49,"column":43}},"30":{"start":{"line":51,"column":6},"end":{"line":51,"column":25}},"31":{"start":{"line":55,"column":29},"end":{"line":68,"column":3}},"32":{"start":{"line":56,"column":20},"end":{"line":56,"column":99}},"33":{"start":{"line":57,"column":17},"end":{"line":65,"column":6}},"34":{"start":{"line":57,"column":39},"end":{"line":65,"column":5}},"35":{"start":{"line":67,"column":4},"end":{"line":67,"column":66}},"36":{"start":{"line":67,"column":41},"end":{"line":67,"column":54}},"37":{"start":{"line":70,"column":30},"end":{"line":83,"column":3}},"38":{"start":{"line":71,"column":20},"end":{"line":71,"column":126}},"39":{"start":{"line":72,"column":17},"end":{"line":80,"column":6}},"40":{"start":{"line":72,"column":41},"end":{"line":80,"column":5}},"41":{"start":{"line":82,"column":4},"end":{"line":82,"column":66}},"42":{"start":{"line":82,"column":41},"end":{"line":82,"column":54}},"43":{"start":{"line":85,"column":35},"end":{"line":96,"column":3}},"44":{"start":{"line":86,"column":20},"end":{"line":86,"column":102}},"45":{"start":{"line":87,"column":17},"end":{"line":93,"column":6}},"46":{"start":{"line":87,"column":46},"end":{"line":93,"column":5}},"47":{"start":{"line":95,"column":4},"end":{"line":95,"column":66}},"48":{"start":{"line":95,"column":41},"end":{"line":95,"column":54}},"49":{"start":{"line":98,"column":22},"end":{"line":184,"column":3}},"50":{"start":{"line":99,"column":4},"end":{"line":99,"column":22}},"51":{"start":{"line":101,"column":4},"end":{"line":183,"column":5}},"52":{"start":{"line":102,"column":18},"end":{"line":102,"column":29}},"53":{"start":{"line":103,"column":24},"end":{"line":103,"column":56}},"54":{"start":{"line":104,"column":22},"end":{"line":104,"column":24}},"55":{"start":{"line":107,"column":6},"end":{"line":107,"column":25}},"56":{"start":{"line":108,"column":6},"end":{"line":108,"column":38}},"57":{"start":{"line":109,"column":6},"end":{"line":109,"column":90}},"58":{"start":{"line":110,"column":6},"end":{"line":110,"column":21}},"59":{"start":{"line":113,"column":6},"end":{"line":113,"column":25}},"60":{"start":{"line":114,"column":6},"end":{"line":114,"column":40}},"61":{"start":{"line":115,"column":6},"end":{"line":115,"column":95}},"62":{"start":{"line":116,"column":6},"end":{"line":116,"column":20}},"63":{"start":{"line":117,"column":6},"end":{"line":117,"column":110}},"64":{"start":{"line":118,"column":6},"end":{"line":118,"column":21}},"65":{"start":{"line":121,"column":6},"end":{"line":121,"column":25}},"66":{"start":{"line":122,"column":6},"end":{"line":122,"column":38}},"67":{"start":{"line":123,"column":6},"end":{"line":123,"column":48}},"68":{"start":{"line":124,"column":6},"end":{"line":124,"column":21}},"69":{"start":{"line":126,"column":6},"end":{"line":126,"column":25}},"70":{"start":{"line":127,"column":6},"end":{"line":127,"column":40}},"71":{"start":{"line":129,"column":22},"end":{"line":134,"column":7}},"72":{"start":{"line":136,"column":6},"end":{"line":139,"column":8}},"73":{"start":{"line":137,"column":8},"end":{"line":137,"column":39}},"74":{"start":{"line":138,"column":8},"end":{"line":138,"column":22}},"75":{"start":{"line":141,"column":6},"end":{"line":141,"column":21}},"76":{"start":{"line":144,"column":6},"end":{"line":144,"column":25}},"77":{"start":{"line":145,"column":6},"end":{"line":145,"column":38}},"78":{"start":{"line":146,"column":6},"end":{"line":146,"column":59}},"79":{"start":{"line":147,"column":6},"end":{"line":147,"column":21}},"80":{"start":{"line":149,"column":6},"end":{"line":149,"column":25}},"81":{"start":{"line":150,"column":6},"end":{"line":150,"column":40}},"82":{"start":{"line":152,"column":30},"end":{"line":157,"column":7}},"83":{"start":{"line":159,"column":6},"end":{"line":166,"column":8}},"84":{"start":{"line":160,"column":22},"end":{"line":160,"column":62}},"85":{"start":{"line":161,"column":8},"end":{"line":164,"column":10}},"86":{"start":{"line":162,"column":10},"end":{"line":162,"column":39}},"87":{"start":{"line":163,"column":10},"end":{"line":163,"column":24}},"88":{"start":{"line":165,"column":8},"end":{"line":165,"column":22}},"89":{"start":{"line":169,"column":6},"end":{"line":169,"column":24}},"90":{"start":{"line":170,"column":6},"end":{"line":170,"column":40}},"91":{"start":{"line":171,"column":6},"end":{"line":171,"column":144}},"92":{"start":{"line":174,"column":23},"end":{"line":174,"column":106}},"93":{"start":{"line":175,"column":6},"end":{"line":175,"column":24}},"94":{"start":{"line":177,"column":6},"end":{"line":177,"column":55}},"95":{"start":{"line":179,"column":6},"end":{"line":179,"column":48}},"96":{"start":{"line":180,"column":6},"end":{"line":180,"column":47}},"97":{"start":{"line":182,"column":6},"end":{"line":182,"column":25}},"98":{"start":{"line":186,"column":2},"end":{"line":261,"column":3}},"99":{"start":{"line":196,"column":29},"end":{"line":196,"column":51}},"100":{"start":{"line":207,"column":29},"end":{"line":207,"column":52}},"101":{"start":{"line":218,"column":29},"end":{"line":218,"column":57}}},"fnMap":{"0":{"name":"ExportTools","decl":{"start":{"line":5,"column":24},"end":{"line":5,"column":35}},"loc":{"start":{"line":5,"column":58},"end":{"line":262,"column":1}},"line":5},"1":{"name":"(anonymous_1)","decl":{"start":{"line":8,"column":22},"end":{"line":8,"column":23}},"loc":{"start":{"line":8,"column":36},"end":{"line":53,"column":3}},"line":8},"2":{"name":"(anonymous_2)","decl":{"start":{"line":55,"column":29},"end":{"line":55,"column":30}},"loc":{"start":{"line":55,"column":42},"end":{"line":68,"column":3}},"line":55},"3":{"name":"(anonymous_3)","decl":{"start":{"line":57,"column":29},"end":{"line":57,"column":30}},"loc":{"start":{"line":57,"column":39},"end":{"line":65,"column":5}},"line":57},"4":{"name":"(anonymous_4)","decl":{"start":{"line":67,"column":34},"end":{"line":67,"column":35}},"loc":{"start":{"line":67,"column":41},"end":{"line":67,"column":54}},"line":67},"5":{"name":"(anonymous_5)","decl":{"start":{"line":70,"column":30},"end":{"line":70,"column":31}},"loc":{"start":{"line":70,"column":44},"end":{"line":83,"column":3}},"line":70},"6":{"name":"(anonymous_6)","decl":{"start":{"line":72,"column":30},"end":{"line":72,"column":31}},"loc":{"start":{"line":72,"column":41},"end":{"line":80,"column":5}},"line":72},"7":{"name":"(anonymous_7)","decl":{"start":{"line":82,"column":34},"end":{"line":82,"column":35}},"loc":{"start":{"line":82,"column":41},"end":{"line":82,"column":54}},"line":82},"8":{"name":"(anonymous_8)","decl":{"start":{"line":85,"column":35},"end":{"line":85,"column":36}},"loc":{"start":{"line":85,"column":55},"end":{"line":96,"column":3}},"line":85},"9":{"name":"(anonymous_9)","decl":{"start":{"line":87,"column":36},"end":{"line":87,"column":37}},"loc":{"start":{"line":87,"column":46},"end":{"line":93,"column":5}},"line":87},"10":{"name":"(anonymous_10)","decl":{"start":{"line":95,"column":34},"end":{"line":95,"column":35}},"loc":{"start":{"line":95,"column":41},"end":{"line":95,"column":54}},"line":95},"11":{"name":"(anonymous_11)","decl":{"start":{"line":98,"column":22},"end":{"line":98,"column":23}},"loc":{"start":{"line":98,"column":34},"end":{"line":184,"column":3}},"line":98},"12":{"name":"(anonymous_12)","decl":{"start":{"line":136,"column":22},"end":{"line":136,"column":23}},"loc":{"start":{"line":136,"column":32},"end":{"line":139,"column":7}},"line":136},"13":{"name":"(anonymous_13)","decl":{"start":{"line":159,"column":30},"end":{"line":159,"column":31}},"loc":{"start":{"line":159,"column":37},"end":{"line":166,"column":7}},"line":159},"14":{"name":"(anonymous_14)","decl":{"start":{"line":161,"column":22},"end":{"line":161,"column":23}},"loc":{"start":{"line":161,"column":30},"end":{"line":164,"column":9}},"line":161},"15":{"name":"(anonymous_15)","decl":{"start":{"line":196,"column":23},"end":{"line":196,"column":24}},"loc":{"start":{"line":196,"column":29},"end":{"line":196,"column":51}},"line":196},"16":{"name":"(anonymous_16)","decl":{"start":{"line":207,"column":23},"end":{"line":207,"column":24}},"loc":{"start":{"line":207,"column":29},"end":{"line":207,"column":52}},"line":207},"17":{"name":"(anonymous_17)","decl":{"start":{"line":218,"column":23},"end":{"line":218,"column":24}},"loc":{"start":{"line":218,"column":29},"end":{"line":218,"column":57}},"line":218}},"branchMap":{"0":{"loc":{"start":{"line":15,"column":6},"end":{"line":30,"column":7}},"type":"switch","locations":[{"start":{"line":16,"column":8},"end":{"line":19,"column":15}},{"start":{"line":20,"column":8},"end":{"line":23,"column":15}},{"start":{"line":24,"column":8},"end":{"line":27,"column":15}},{"start":{"line":28,"column":8},"end":{"line":29,"column":46}}],"line":15},"1":{"loc":{"start":{"line":17,"column":42},"end":{"line":17,"column":60}},"type":"binary-expr","locations":[{"start":{"line":17,"column":42},"end":{"line":17,"column":54}},{"start":{"line":17,"column":58},"end":{"line":17,"column":60}}],"line":17},"2":{"loc":{"start":{"line":21,"column":43},"end":{"line":21,"column":62}},"type":"binary-expr","locations":[{"start":{"line":21,"column":43},"end":{"line":21,"column":56}},{"start":{"line":21,"column":60},"end":{"line":21,"column":62}}],"line":21},"3":{"loc":{"start":{"line":25,"column":48},"end":{"line":25,"column":73}},"type":"binary-expr","locations":[{"start":{"line":25,"column":48},"end":{"line":25,"column":67}},{"start":{"line":25,"column":71},"end":{"line":25,"column":73}}],"line":25},"4":{"loc":{"start":{"line":36,"column":6},"end":{"line":44,"column":7}},"type":"if","locations":[{"start":{"line":36,"column":6},"end":{"line":44,"column":7}},{"start":{},"end":{}}],"line":36},"5":{"loc":{"start":{"line":62,"column":6},"end":{"line":62,"column":31}},"type":"binary-expr","locations":[{"start":{"line":62,"column":6},"end":{"line":62,"column":26}},{"start":{"line":62,"column":30},"end":{"line":62,"column":31}}],"line":62},"6":{"loc":{"start":{"line":63,"column":6},"end":{"line":63,"column":34}},"type":"binary-expr","locations":[{"start":{"line":63,"column":6},"end":{"line":63,"column":29}},{"start":{"line":63,"column":33},"end":{"line":63,"column":34}}],"line":63},"7":{"loc":{"start":{"line":64,"column":6},"end":{"line":64,"column":34}},"type":"binary-expr","locations":[{"start":{"line":64,"column":6},"end":{"line":64,"column":29}},{"start":{"line":64,"column":33},"end":{"line":64,"column":34}}],"line":64},"8":{"loc":{"start":{"line":92,"column":6},"end":{"line":92,"column":39}},"type":"binary-expr","locations":[{"start":{"line":92,"column":6},"end":{"line":92,"column":28}},{"start":{"line":92,"column":32},"end":{"line":92,"column":39}}],"line":92},"9":{"loc":{"start":{"line":130,"column":36},"end":{"line":130,"column":71}},"type":"binary-expr","locations":[{"start":{"line":130,"column":36},"end":{"line":130,"column":62}},{"start":{"line":130,"column":66},"end":{"line":130,"column":71}}],"line":130},"10":{"loc":{"start":{"line":131,"column":36},"end":{"line":131,"column":75}},"type":"binary-expr","locations":[{"start":{"line":131,"column":36},"end":{"line":131,"column":66}},{"start":{"line":131,"column":70},"end":{"line":131,"column":75}}],"line":131},"11":{"loc":{"start":{"line":132,"column":24},"end":{"line":132,"column":57}},"type":"binary-expr","locations":[{"start":{"line":132,"column":24},"end":{"line":132,"column":48}},{"start":{"line":132,"column":52},"end":{"line":132,"column":57}}],"line":132},"12":{"loc":{"start":{"line":133,"column":33},"end":{"line":133,"column":74}},"type":"binary-expr","locations":[{"start":{"line":133,"column":33},"end":{"line":133,"column":65}},{"start":{"line":133,"column":69},"end":{"line":133,"column":74}}],"line":133},"13":{"loc":{"start":{"line":238,"column":13},"end":{"line":244,"column":13}},"type":"cond-expr","locations":[{"start":{"line":239,"column":14},"end":{"line":239,"column":98}},{"start":{"line":241,"column":14},"end":{"line":243,"column":20}}],"line":238}},"s":{"0":0,"1":0,"2":0,"3":0,"4":0,"5":0,"6":0,"7":0,"8":0,"9":0,"10":0,"11":0,"12":0,"13":0,"14":0,"15":0,"16":0,"17":0,"18":0,"19":0,"20":0,"21":0,"22":0,"23":0,"24":0,"25":0,"26":0,"27":0,"28":0,"29":0,"30":0,"31":0,"32":0,"33":0,"34":0,"35":0,"36":0,"37":0,"38":0,"39":0,"40":0,"41":0,"42":0,"43":0,"44":0,"45":0,"46":0,"47":0,"48":0,"49":0,"50":0,"51":0,"52":0,"53":0,"54":0,"55":0,"56":0,"57":0,"58":0,"59":0,"60":0,"61":0,"62":0,"63":0,"64":0,"65":0,"66":0,"67":0,"68":0,"69":0,"70":0,"71":0,"72":0,"73":0,"74":0,"75":0,"76":0,"77":0,"78":0,"79":0,"80":0,"81":0,"82":0,"83":0,"84":0,"85":0,"86":0,"87":0,"88":0,"89":0,"90":0,"91":0,"92":0,"93":0,"94":0,"95":0,"96":0,"97":0,"98":0,"99":0,"100":0,"101":0},"f":{"0":0,"1":0,"2":0,"3":0,"4":0,"5":0,"6":0,"7":0,"8":0,"9":0,"10":0,"11":0,"12":0,"13":0,"14":0,"15":0,"16":0,"17":0},"b":{"0":[0,0,0,0],"1":[0,0],"2":[0,0],"3":[0,0],"4":[0,0],"5":[0,0],"6":[0,0],"7":[0,0],"8":[0,0],"9":[0,0],"10":[0,0],"11":[0,0],"12":[0,0],"13":[0,0]}}
,"/var/www/vibe/gitprime/src/components/Header.jsx": {"path":"/var/www/vibe/gitprime/src/components/Header.jsx","statementMap":{"0":{"start":{"line":4,"column":113},"end":{"line":4,"column":122}},"1":{"start":{"line":6,"column":2},"end":{"line":83,"column":3}},"2":{"start":{"line":11,"column":27},"end":{"line":11,"column":55}}},"fnMap":{"0":{"name":"Header","decl":{"start":{"line":3,"column":24},"end":{"line":3,"column":30}},"loc":{"start":{"line":3,"column":64},"end":{"line":84,"column":1}},"line":3},"1":{"name":"(anonymous_1)","decl":{"start":{"line":11,"column":21},"end":{"line":11,"column":22}},"loc":{"start":{"line":11,"column":27},"end":{"line":11,"column":55}},"line":11}},"branchMap":{"0":{"loc":{"start":{"line":28,"column":11},"end":{"line":48,"column":11}},"type":"cond-expr","locations":[{"start":{"line":29,"column":12},"end":{"line":40,"column":18}},{"start":{"line":42,"column":12},"end":{"line":47,"column":21}}],"line":28},"1":{"loc":{"start":{"line":32,"column":54},"end":{"line":32,"column":97}},"type":"binary-expr","locations":[{"start":{"line":32,"column":54},"end":{"line":32,"column":77}},{"start":{"line":32,"column":81},"end":{"line":32,"column":97}}],"line":32},"2":{"loc":{"start":{"line":51,"column":11},"end":{"line":79,"column":11}},"type":"cond-expr","locations":[{"start":{"line":52,"column":12},"end":{"line":68,"column":18}},{"start":{"line":70,"column":12},"end":{"line":78,"column":21}}],"line":51}},"s":{"0":0,"1":0,"2":0},"f":{"0":0,"1":0},"b":{"0":[0,0],"1":[0,0],"2":[0,0]}}
,"/var/www/vibe/gitprime/src/components/LinearCorrelation.jsx": {"path":"/var/www/vibe/gitprime/src/components/LinearCorrelation.jsx","statementMap":{"0":{"start":{"line":7,"column":56},"end":{"line":7,"column":65}},"1":{"start":{"line":8,"column":26},"end":{"line":13,"column":4}},"2":{"start":{"line":15,"column":2},"end":{"line":19,"column":61}},"3":{"start":{"line":16,"column":4},"end":{"line":18,"column":5}},"4":{"start":{"line":17,"column":6},"end":{"line":17,"column":28}},"5":{"start":{"line":21,"column":31},"end":{"line":73,"column":3}},"6":{"start":{"line":22,"column":4},"end":{"line":22,"column":49}},"7":{"start":{"line":22,"column":21},"end":{"line":22,"column":47}},"8":{"start":{"line":24,"column":4},"end":{"line":72,"column":5}},"9":{"start":{"line":25,"column":18},"end":{"line":25,"column":44}},"10":{"start":{"line":28,"column":27},"end":{"line":28,"column":62}},"11":{"start":{"line":31,"column":28},"end":{"line":31,"column":89}},"12":{"start":{"line":32,"column":25},"end":{"line":32,"column":144}},"13":{"start":{"line":34,"column":30},"end":{"line":39,"column":8}},"14":{"start":{"line":41,"column":6},"end":{"line":43,"column":7}},"15":{"start":{"line":42,"column":8},"end":{"line":42,"column":57}},"16":{"start":{"line":45,"column":22},"end":{"line":45,"column":50}},"17":{"start":{"line":48,"column":20},"end":{"line":48,"column":124}},"18":{"start":{"line":49,"column":25},"end":{"line":54,"column":8}},"19":{"start":{"line":56,"column":27},"end":{"line":56,"column":71}},"20":{"start":{"line":59,"column":27},"end":{"line":59,"column":89}},"21":{"start":{"line":61,"column":6},"end":{"line":66,"column":8}},"22":{"start":{"line":69,"column":6},"end":{"line":69,"column":62}},"23":{"start":{"line":70,"column":6},"end":{"line":70,"column":53}},"24":{"start":{"line":71,"column":6},"end":{"line":71,"column":52}},"25":{"start":{"line":71,"column":23},"end":{"line":71,"column":50}},"26":{"start":{"line":75,"column":36},"end":{"line":137,"column":3}},"27":{"start":{"line":76,"column":25},"end":{"line":76,"column":27}},"28":{"start":{"line":78,"column":4},"end":{"line":134,"column":6}},"29":{"start":{"line":79,"column":6},"end":{"line":79,"column":33}},"30":{"start":{"line":79,"column":27},"end":{"line":79,"column":33}},"31":{"start":{"line":81,"column":26},"end":{"line":87,"column":7}},"32":{"start":{"line":90,"column":28},"end":{"line":93,"column":14}},"33":{"start":{"line":92,"column":60},"end":{"line":92,"column":75}},"34":{"start":{"line":95,"column":6},"end":{"line":105,"column":8}},"35":{"start":{"line":96,"column":24},"end":{"line":96,"column":59}},"36":{"start":{"line":97,"column":23},"end":{"line":97,"column":73}},"37":{"start":{"line":98,"column":30},"end":{"line":98,"column":50}},"38":{"start":{"line":101,"column":8},"end":{"line":104,"column":9}},"39":{"start":{"line":103,"column":40},"end":{"line":103,"column":79}},"40":{"start":{"line":108,"column":6},"end":{"line":120,"column":8}},"41":{"start":{"line":109,"column":22},"end":{"line":109,"column":44}},"42":{"start":{"line":110,"column":21},"end":{"line":110,"column":50}},"43":{"start":{"line":111,"column":23},"end":{"line":111,"column":37}},"44":{"start":{"line":113,"column":8},"end":{"line":119,"column":9}},"45":{"start":{"line":116,"column":12},"end":{"line":117,"column":48}},"46":{"start":{"line":123,"column":6},"end":{"line":123,"column":105}},"47":{"start":{"line":126,"column":6},"end":{"line":128,"column":7}},"48":{"start":{"line":127,"column":8},"end":{"line":127,"column":78}},"49":{"start":{"line":131,"column":6},"end":{"line":133,"column":7}},"50":{"start":{"line":132,"column":8},"end":{"line":132,"column":38}},"51":{"start":{"line":136,"column":4},"end":{"line":136,"column":73}},"52":{"start":{"line":136,"column":39},"end":{"line":136,"column":72}},"53":{"start":{"line":139,"column":33},"end":{"line":191,"column":3}},"54":{"start":{"line":140,"column":4},"end":{"line":140,"column":49}},"55":{"start":{"line":140,"column":40},"end":{"line":140,"column":49}},"56":{"start":{"line":142,"column":21},"end":{"line":142,"column":23}},"57":{"start":{"line":143,"column":29},"end":{"line":146,"column":63}},"58":{"start":{"line":144,"column":19},"end":{"line":144,"column":38}},"59":{"start":{"line":145,"column":26},"end":{"line":145,"column":47}},"60":{"start":{"line":146,"column":36},"end":{"line":146,"column":55}},"61":{"start":{"line":149,"column":27},"end":{"line":151,"column":5}},"62":{"start":{"line":150,"column":6},"end":{"line":150,"column":63}},"63":{"start":{"line":154,"column":24},"end":{"line":156,"column":5}},"64":{"start":{"line":155,"column":6},"end":{"line":155,"column":49}},"65":{"start":{"line":159,"column":29},"end":{"line":161,"column":5}},"66":{"start":{"line":160,"column":6},"end":{"line":160,"column":50}},"67":{"start":{"line":163,"column":4},"end":{"line":170,"column":5}},"68":{"start":{"line":164,"column":6},"end":{"line":169,"column":8}},"69":{"start":{"line":168,"column":51},"end":{"line":168,"column":107}},"70":{"start":{"line":172,"column":4},"end":{"line":179,"column":5}},"71":{"start":{"line":173,"column":6},"end":{"line":178,"column":8}},"72":{"start":{"line":177,"column":48},"end":{"line":177,"column":125}},"73":{"start":{"line":181,"column":4},"end":{"line":188,"column":5}},"74":{"start":{"line":182,"column":6},"end":{"line":187,"column":8}},"75":{"start":{"line":186,"column":53},"end":{"line":186,"column":130}},"76":{"start":{"line":190,"column":4},"end":{"line":190,"column":19}},"77":{"start":{"line":193,"column":2},"end":{"line":205,"column":3}},"78":{"start":{"line":194,"column":4},"end":{"line":204,"column":5}},"79":{"start":{"line":207,"column":2},"end":{"line":314,"column":3}},"80":{"start":{"line":220,"column":12},"end":{"line":241,"column":18}},"81":{"start":{"line":238,"column":18},"end":{"line":238,"column":43}},"82":{"start":{"line":261,"column":20},"end":{"line":296,"column":25}}},"fnMap":{"0":{"name":"LinearCorrelation","decl":{"start":{"line":6,"column":24},"end":{"line":6,"column":41}},"loc":{"start":{"line":6,"column":58},"end":{"line":315,"column":1}},"line":6},"1":{"name":"(anonymous_1)","decl":{"start":{"line":15,"column":12},"end":{"line":15,"column":13}},"loc":{"start":{"line":15,"column":18},"end":{"line":19,"column":3}},"line":15},"2":{"name":"(anonymous_2)","decl":{"start":{"line":21,"column":31},"end":{"line":21,"column":32}},"loc":{"start":{"line":21,"column":43},"end":{"line":73,"column":3}},"line":21},"3":{"name":"(anonymous_3)","decl":{"start":{"line":22,"column":12},"end":{"line":22,"column":13}},"loc":{"start":{"line":22,"column":21},"end":{"line":22,"column":47}},"line":22},"4":{"name":"(anonymous_4)","decl":{"start":{"line":71,"column":14},"end":{"line":71,"column":15}},"loc":{"start":{"line":71,"column":23},"end":{"line":71,"column":50}},"line":71},"5":{"name":"(anonymous_5)","decl":{"start":{"line":75,"column":36},"end":{"line":75,"column":37}},"loc":{"start":{"line":75,"column":71},"end":{"line":137,"column":3}},"line":75},"6":{"name":"(anonymous_6)","decl":{"start":{"line":78,"column":19},"end":{"line":78,"column":20}},"loc":{"start":{"line":78,"column":28},"end":{"line":134,"column":5}},"line":78},"7":{"name":"(anonymous_7)","decl":{"start":{"line":92,"column":52},"end":{"line":92,"column":53}},"loc":{"start":{"line":92,"column":60},"end":{"line":92,"column":75}},"line":92},"8":{"name":"(anonymous_8)","decl":{"start":{"line":95,"column":50},"end":{"line":95,"column":51}},"loc":{"start":{"line":95,"column":60},"end":{"line":105,"column":7}},"line":95},"9":{"name":"(anonymous_9)","decl":{"start":{"line":103,"column":29},"end":{"line":103,"column":30}},"loc":{"start":{"line":103,"column":40},"end":{"line":103,"column":79}},"line":103},"10":{"name":"(anonymous_10)","decl":{"start":{"line":108,"column":51},"end":{"line":108,"column":52}},"loc":{"start":{"line":108,"column":57},"end":{"line":120,"column":7}},"line":108},"11":{"name":"(anonymous_11)","decl":{"start":{"line":115,"column":29},"end":{"line":115,"column":30}},"loc":{"start":{"line":116,"column":12},"end":{"line":117,"column":48}},"line":116},"12":{"name":"(anonymous_12)","decl":{"start":{"line":136,"column":29},"end":{"line":136,"column":30}},"loc":{"start":{"line":136,"column":39},"end":{"line":136,"column":72}},"line":136},"13":{"name":"(anonymous_13)","decl":{"start":{"line":139,"column":33},"end":{"line":139,"column":34}},"loc":{"start":{"line":139,"column":39},"end":{"line":191,"column":3}},"line":139},"14":{"name":"(anonymous_14)","decl":{"start":{"line":144,"column":14},"end":{"line":144,"column":15}},"loc":{"start":{"line":144,"column":19},"end":{"line":144,"column":38}},"line":144},"15":{"name":"(anonymous_15)","decl":{"start":{"line":145,"column":14},"end":{"line":145,"column":15}},"loc":{"start":{"line":145,"column":26},"end":{"line":145,"column":47}},"line":145},"16":{"name":"(anonymous_16)","decl":{"start":{"line":146,"column":31},"end":{"line":146,"column":32}},"loc":{"start":{"line":146,"column":36},"end":{"line":146,"column":55}},"line":146},"17":{"name":"(anonymous_17)","decl":{"start":{"line":149,"column":52},"end":{"line":149,"column":53}},"loc":{"start":{"line":150,"column":6},"end":{"line":150,"column":63}},"line":150},"18":{"name":"(anonymous_18)","decl":{"start":{"line":154,"column":49},"end":{"line":154,"column":50}},"loc":{"start":{"line":155,"column":6},"end":{"line":155,"column":49}},"line":155},"19":{"name":"(anonymous_19)","decl":{"start":{"line":159,"column":54},"end":{"line":159,"column":55}},"loc":{"start":{"line":160,"column":6},"end":{"line":160,"column":50}},"line":160},"20":{"name":"(anonymous_20)","decl":{"start":{"line":168,"column":46},"end":{"line":168,"column":47}},"loc":{"start":{"line":168,"column":51},"end":{"line":168,"column":107}},"line":168},"21":{"name":"(anonymous_21)","decl":{"start":{"line":177,"column":43},"end":{"line":177,"column":44}},"loc":{"start":{"line":177,"column":48},"end":{"line":177,"column":125}},"line":177},"22":{"name":"(anonymous_22)","decl":{"start":{"line":186,"column":48},"end":{"line":186,"column":49}},"loc":{"start":{"line":186,"column":53},"end":{"line":186,"column":130}},"line":186},"23":{"name":"(anonymous_23)","decl":{"start":{"line":219,"column":40},"end":{"line":219,"column":41}},"loc":{"start":{"line":220,"column":12},"end":{"line":241,"column":18}},"line":220},"24":{"name":"(anonymous_24)","decl":{"start":{"line":237,"column":35},"end":{"line":237,"column":36}},"loc":{"start":{"line":238,"column":18},"end":{"line":238,"column":43}},"line":238},"25":{"name":"(anonymous_25)","decl":{"start":{"line":260,"column":54},"end":{"line":260,"column":55}},"loc":{"start":{"line":261,"column":20},"end":{"line":296,"column":25}},"line":261}},"branchMap":{"0":{"loc":{"start":{"line":16,"column":4},"end":{"line":18,"column":5}},"type":"if","locations":[{"start":{"line":16,"column":4},"end":{"line":18,"column":5}},{"start":{},"end":{}}],"line":16},"1":{"loc":{"start":{"line":16,"column":8},"end":{"line":16,"column":67}},"type":"binary-expr","locations":[{"start":{"line":16,"column":8},"end":{"line":16,"column":29}},{"start":{"line":16,"column":33},"end":{"line":16,"column":44}},{"start":{"line":16,"column":48},"end":{"line":16,"column":58}},{"start":{"line":16,"column":62},"end":{"line":16,"column":67}}],"line":16},"2":{"loc":{"start":{"line":41,"column":6},"end":{"line":43,"column":7}},"type":"if","locations":[{"start":{"line":41,"column":6},"end":{"line":43,"column":7}},{"start":{},"end":{}}],"line":41},"3":{"loc":{"start":{"line":56,"column":27},"end":{"line":56,"column":71}},"type":"cond-expr","locations":[{"start":{"line":56,"column":43},"end":{"line":56,"column":66}},{"start":{"line":56,"column":69},"end":{"line":56,"column":71}}],"line":56},"4":{"loc":{"start":{"line":79,"column":6},"end":{"line":79,"column":33}},"type":"if","locations":[{"start":{"line":79,"column":6},"end":{"line":79,"column":33}},{"start":{},"end":{}}],"line":79},"5":{"loc":{"start":{"line":97,"column":23},"end":{"line":97,"column":73}},"type":"binary-expr","locations":[{"start":{"line":97,"column":23},"end":{"line":97,"column":43}},{"start":{"line":97,"column":47},"end":{"line":97,"column":73}}],"line":97},"6":{"loc":{"start":{"line":102,"column":10},"end":{"line":103,"column":80}},"type":"binary-expr","locations":[{"start":{"line":102,"column":11},"end":{"line":102,"column":35}},{"start":{"line":102,"column":39},"end":{"line":102,"column":83}},{"start":{"line":103,"column":10},"end":{"line":103,"column":80}}],"line":102},"7":{"loc":{"start":{"line":110,"column":22},"end":{"line":110,"column":35}},"type":"binary-expr","locations":[{"start":{"line":110,"column":22},"end":{"line":110,"column":29}},{"start":{"line":110,"column":33},"end":{"line":110,"column":35}}],"line":110},"8":{"loc":{"start":{"line":114,"column":10},"end":{"line":118,"column":11}},"type":"binary-expr","locations":[{"start":{"line":114,"column":11},"end":{"line":114,"column":41}},{"start":{"line":115,"column":10},"end":{"line":118,"column":11}}],"line":114},"9":{"loc":{"start":{"line":116,"column":12},"end":{"line":117,"column":48}},"type":"binary-expr","locations":[{"start":{"line":116,"column":12},"end":{"line":116,"column":49}},{"start":{"line":117,"column":12},"end":{"line":117,"column":48}}],"line":116},"10":{"loc":{"start":{"line":126,"column":6},"end":{"line":128,"column":7}},"type":"if","locations":[{"start":{"line":126,"column":6},"end":{"line":128,"column":7}},{"start":{},"end":{}}],"line":126},"11":{"loc":{"start":{"line":126,"column":10},"end":{"line":126,"column":57}},"type":"binary-expr","locations":[{"start":{"line":126,"column":10},"end":{"line":126,"column":24}},{"start":{"line":126,"column":28},"end":{"line":126,"column":57}}],"line":126},"12":{"loc":{"start":{"line":131,"column":6},"end":{"line":133,"column":7}},"type":"if","locations":[{"start":{"line":131,"column":6},"end":{"line":133,"column":7}},{"start":{},"end":{}}],"line":131},"13":{"loc":{"start":{"line":140,"column":4},"end":{"line":140,"column":49}},"type":"if","locations":[{"start":{"line":140,"column":4},"end":{"line":140,"column":49}},{"start":{},"end":{}}],"line":140},"14":{"loc":{"start":{"line":150,"column":6},"end":{"line":150,"column":63}},"type":"binary-expr","locations":[{"start":{"line":150,"column":6},"end":{"line":150,"column":40}},{"start":{"line":150,"column":44},"end":{"line":150,"column":63}}],"line":150},"15":{"loc":{"start":{"line":155,"column":6},"end":{"line":155,"column":49}},"type":"binary-expr","locations":[{"start":{"line":155,"column":6},"end":{"line":155,"column":26}},{"start":{"line":155,"column":30},"end":{"line":155,"column":49}}],"line":155},"16":{"loc":{"start":{"line":160,"column":6},"end":{"line":160,"column":50}},"type":"binary-expr","locations":[{"start":{"line":160,"column":6},"end":{"line":160,"column":26}},{"start":{"line":160,"column":30},"end":{"line":160,"column":50}}],"line":160},"17":{"loc":{"start":{"line":163,"column":4},"end":{"line":170,"column":5}},"type":"if","locations":[{"start":{"line":163,"column":4},"end":{"line":170,"column":5}},{"start":{},"end":{}}],"line":163},"18":{"loc":{"start":{"line":172,"column":4},"end":{"line":179,"column":5}},"type":"if","locations":[{"start":{"line":172,"column":4},"end":{"line":179,"column":5}},{"start":{},"end":{}}],"line":172},"19":{"loc":{"start":{"line":181,"column":4},"end":{"line":188,"column":5}},"type":"if","locations":[{"start":{"line":181,"column":4},"end":{"line":188,"column":5}},{"start":{},"end":{}}],"line":181},"20":{"loc":{"start":{"line":193,"column":2},"end":{"line":205,"column":3}},"type":"if","locations":[{"start":{"line":193,"column":2},"end":{"line":205,"column":3}},{"start":{},"end":{}}],"line":193},"21":{"loc":{"start":{"line":211,"column":7},"end":{"line":312,"column":7}},"type":"cond-expr","locations":[{"start":{"line":212,"column":8},"end":{"line":215,"column":14}},{"start":{"line":217,"column":8},"end":{"line":311,"column":14}}],"line":211},"22":{"loc":{"start":{"line":223,"column":16},"end":{"line":225,"column":48}},"type":"cond-expr","locations":[{"start":{"line":223,"column":45},"end":{"line":223,"column":79}},{"start":{"line":224,"column":16},"end":{"line":225,"column":48}}],"line":223},"23":{"loc":{"start":{"line":224,"column":16},"end":{"line":225,"column":48}},"type":"cond-expr","locations":[{"start":{"line":224,"column":45},"end":{"line":224,"column":81}},{"start":{"line":225,"column":16},"end":{"line":225,"column":48}}],"line":224},"24":{"loc":{"start":{"line":229,"column":16},"end":{"line":231,"column":31}},"type":"cond-expr","locations":[{"start":{"line":229,"column":45},"end":{"line":229,"column":61}},{"start":{"line":230,"column":16},"end":{"line":231,"column":31}}],"line":229},"25":{"loc":{"start":{"line":230,"column":16},"end":{"line":231,"column":31}},"type":"cond-expr","locations":[{"start":{"line":230,"column":45},"end":{"line":230,"column":62}},{"start":{"line":231,"column":16},"end":{"line":231,"column":31}}],"line":230},"26":{"loc":{"start":{"line":245,"column":11},"end":{"line":301,"column":11}},"type":"binary-expr","locations":[{"start":{"line":245,"column":11},"end":{"line":245,"column":39}},{"start":{"line":246,"column":12},"end":{"line":300,"column":18}}],"line":245},"27":{"loc":{"start":{"line":270,"column":27},"end":{"line":270,"column":102}},"type":"binary-expr","locations":[{"start":{"line":270,"column":27},"end":{"line":270,"column":66}},{"start":{"line":270,"column":70},"end":{"line":270,"column":102}}],"line":270},"28":{"loc":{"start":{"line":274,"column":54},"end":{"line":274,"column":87}},"type":"binary-expr","locations":[{"start":{"line":274,"column":54},"end":{"line":274,"column":80}},{"start":{"line":274,"column":84},"end":{"line":274,"column":87}}],"line":274},"29":{"loc":{"start":{"line":284,"column":26},"end":{"line":286,"column":41}},"type":"cond-expr","locations":[{"start":{"line":284,"column":59},"end":{"line":284,"column":75}},{"start":{"line":285,"column":26},"end":{"line":286,"column":41}}],"line":284},"30":{"loc":{"start":{"line":285,"column":26},"end":{"line":286,"column":41}},"type":"cond-expr","locations":[{"start":{"line":285,"column":58},"end":{"line":285,"column":75}},{"start":{"line":286,"column":26},"end":{"line":286,"column":41}}],"line":285},"31":{"loc":{"start":{"line":293,"column":27},"end":{"line":293,"column":101}},"type":"cond-expr","locations":[{"start":{"line":293,"column":59},"end":{"line":293,"column":95}},{"start":{"line":293,"column":98},"end":{"line":293,"column":101}}],"line":293},"32":{"loc":{"start":{"line":303,"column":11},"end":{"line":310,"column":11}},"type":"binary-expr","locations":[{"start":{"line":303,"column":11},"end":{"line":303,"column":41}},{"start":{"line":304,"column":12},"end":{"line":309,"column":18}}],"line":303}},"s":{"0":0,"1":0,"2":0,"3":0,"4":0,"5":0,"6":0,"7":0,"8":0,"9":0,"10":0,"11":0,"12":0,"13":0,"14":0,"15":0,"16":0,"17":0,"18":0,"19":0,"20":0,"21":0,"22":0,"23":0,"24":0,"25":0,"26":0,"27":0,"28":0,"29":0,"30":0,"31":0,"32":0,"33":0,"34":0,"35":0,"36":0,"37":0,"38":0,"39":0,"40":0,"41":0,"42":0,"43":0,"44":0,"45":0,"46":0,"47":0,"48":0,"49":0,"50":0,"51":0,"52":0,"53":0,"54":0,"55":0,"56":0,"57":0,"58":0,"59":0,"60":0,"61":0,"62":0,"63":0,"64":0,"65":0,"66":0,"67":0,"68":0,"69":0,"70":0,"71":0,"72":0,"73":0,"74":0,"75":0,"76":0,"77":0,"78":0,"79":0,"80":0,"81":0,"82":0},"f":{"0":0,"1":0,"2":0,"3":0,"4":0,"5":0,"6":0,"7":0,"8":0,"9":0,"10":0,"11":0,"12":0,"13":0,"14":0,"15":0,"16":0,"17":0,"18":0,"19":0,"20":0,"21":0,"22":0,"23":0,"24":0,"25":0},"b":{"0":[0,0],"1":[0,0,0,0],"2":[0,0],"3":[0,0],"4":[0,0],"5":[0,0],"6":[0,0,0],"7":[0,0],"8":[0,0],"9":[0,0],"10":[0,0],"11":[0,0],"12":[0,0],"13":[0,0],"14":[0,0],"15":[0,0],"16":[0,0],"17":[0,0],"18":[0,0],"19":[0,0],"20":[0,0],"21":[0,0],"22":[0,0],"23":[0,0],"24":[0,0],"25":[0,0],"26":[0,0],"27":[0,0],"28":[0,0],"29":[0,0],"30":[0,0],"31":[0,0],"32":[0,0]}}
,"/var/www/vibe/gitprime/src/components/Sidebar.jsx": {"path":"/var/www/vibe/gitprime/src/components/Sidebar.jsx","statementMap":{"0":{"start":{"line":6,"column":37},"end":{"line":6,"column":46}},"1":{"start":{"line":7,"column":42},"end":{"line":7,"column":54}},"2":{"start":{"line":8,"column":42},"end":{"line":8,"column":56}},"3":{"start":{"line":9,"column":32},"end":{"line":9,"column":47}},"4":{"start":{"line":10,"column":50},"end":{"line":10,"column":64}},"5":{"start":{"line":12,"column":2},"end":{"line":16,"column":30}},"6":{"start":{"line":13,"column":4},"end":{"line":15,"column":5}},"7":{"start":{"line":14,"column":6},"end":{"line":14,"column":25}},"8":{"start":{"line":18,"column":28},"end":{"line":43,"column":3}},"9":{"start":{"line":19,"column":4},"end":{"line":19,"column":20}},"10":{"start":{"line":20,"column":4},"end":{"line":42,"column":5}},"11":{"start":{"line":21,"column":23},"end":{"line":26,"column":8}},"12":{"start":{"line":28,"column":6},"end":{"line":36,"column":7}},"13":{"start":{"line":29,"column":22},"end":{"line":29,"column":43}},"14":{"start":{"line":30,"column":8},"end":{"line":30,"column":30}},"15":{"start":{"line":33,"column":8},"end":{"line":33,"column":74}},"16":{"start":{"line":35,"column":8},"end":{"line":35,"column":55}},"17":{"start":{"line":38,"column":6},"end":{"line":38,"column":49}},"18":{"start":{"line":39,"column":6},"end":{"line":39,"column":26}},"19":{"start":{"line":41,"column":6},"end":{"line":41,"column":23}},"20":{"start":{"line":45,"column":27},"end":{"line":49,"column":3}},"21":{"start":{"line":46,"column":4},"end":{"line":46,"column":25}},"22":{"start":{"line":47,"column":4},"end":{"line":47,"column":69}},"23":{"start":{"line":48,"column":4},"end":{"line":48,"column":54}},"24":{"start":{"line":51,"column":26},"end":{"line":92,"column":3}},"25":{"start":{"line":94,"column":2},"end":{"line":96,"column":3}},"26":{"start":{"line":95,"column":4},"end":{"line":95,"column":15}},"27":{"start":{"line":98,"column":2},"end":{"line":204,"column":3}},"28":{"start":{"line":117,"column":31},"end":{"line":117,"column":88}},"29":{"start":{"line":117,"column":54},"end":{"line":117,"column":87}},"30":{"start":{"line":118,"column":18},"end":{"line":118,"column":50}},"31":{"start":{"line":118,"column":28},"end":{"line":118,"column":50}},"32":{"start":{"line":124,"column":18},"end":{"line":126,"column":27}},"33":{"start":{"line":149,"column":29},"end":{"line":149,"column":67}},"34":{"start":{"line":166,"column":16},"end":{"line":197,"column":25}},"35":{"start":{"line":168,"column":33},"end":{"line":168,"column":93}},"36":{"start":{"line":186,"column":22},"end":{"line":189,"column":27}}},"fnMap":{"0":{"name":"Sidebar","decl":{"start":{"line":5,"column":24},"end":{"line":5,"column":31}},"loc":{"start":{"line":5,"column":58},"end":{"line":205,"column":1}},"line":5},"1":{"name":"(anonymous_1)","decl":{"start":{"line":12,"column":12},"end":{"line":12,"column":13}},"loc":{"start":{"line":12,"column":18},"end":{"line":16,"column":3}},"line":12},"2":{"name":"(anonymous_2)","decl":{"start":{"line":18,"column":28},"end":{"line":18,"column":29}},"loc":{"start":{"line":18,"column":40},"end":{"line":43,"column":3}},"line":18},"3":{"name":"(anonymous_3)","decl":{"start":{"line":45,"column":27},"end":{"line":45,"column":28}},"loc":{"start":{"line":45,"column":37},"end":{"line":49,"column":3}},"line":45},"4":{"name":"(anonymous_4)","decl":{"start":{"line":116,"column":26},"end":{"line":116,"column":27}},"loc":{"start":{"line":116,"column":33},"end":{"line":119,"column":17}},"line":116},"5":{"name":"(anonymous_5)","decl":{"start":{"line":117,"column":49},"end":{"line":117,"column":50}},"loc":{"start":{"line":117,"column":54},"end":{"line":117,"column":87}},"line":117},"6":{"name":"(anonymous_6)","decl":{"start":{"line":123,"column":34},"end":{"line":123,"column":35}},"loc":{"start":{"line":124,"column":18},"end":{"line":126,"column":27}},"line":124},"7":{"name":"(anonymous_7)","decl":{"start":{"line":149,"column":23},"end":{"line":149,"column":24}},"loc":{"start":{"line":149,"column":29},"end":{"line":149,"column":67}},"line":149},"8":{"name":"(anonymous_8)","decl":{"start":{"line":165,"column":35},"end":{"line":165,"column":36}},"loc":{"start":{"line":166,"column":16},"end":{"line":197,"column":25}},"line":166},"9":{"name":"(anonymous_9)","decl":{"start":{"line":168,"column":27},"end":{"line":168,"column":28}},"loc":{"start":{"line":168,"column":33},"end":{"line":168,"column":93}},"line":168},"10":{"name":"(anonymous_10)","decl":{"start":{"line":185,"column":50},"end":{"line":185,"column":51}},"loc":{"start":{"line":186,"column":22},"end":{"line":189,"column":27}},"line":186}},"branchMap":{"0":{"loc":{"start":{"line":13,"column":4},"end":{"line":15,"column":5}},"type":"if","locations":[{"start":{"line":13,"column":4},"end":{"line":15,"column":5}},{"start":{},"end":{}}],"line":13},"1":{"loc":{"start":{"line":13,"column":8},"end":{"line":13,"column":32}},"type":"binary-expr","locations":[{"start":{"line":13,"column":8},"end":{"line":13,"column":23}},{"start":{"line":13,"column":27},"end":{"line":13,"column":32}}],"line":13},"2":{"loc":{"start":{"line":28,"column":6},"end":{"line":36,"column":7}},"type":"if","locations":[{"start":{"line":28,"column":6},"end":{"line":36,"column":7}},{"start":{"line":34,"column":13},"end":{"line":36,"column":7}}],"line":28},"3":{"loc":{"start":{"line":94,"column":2},"end":{"line":96,"column":3}},"type":"if","locations":[{"start":{"line":94,"column":2},"end":{"line":96,"column":3}},{"start":{},"end":{}}],"line":94},"4":{"loc":{"start":{"line":105,"column":11},"end":{"line":141,"column":11}},"type":"cond-expr","locations":[{"start":{"line":106,"column":12},"end":{"line":106,"column":100}},{"start":{"line":107,"column":14},"end":{"line":141,"column":11}}],"line":105},"5":{"loc":{"start":{"line":107,"column":14},"end":{"line":141,"column":11}},"type":"cond-expr","locations":[{"start":{"line":108,"column":12},"end":{"line":111,"column":18}},{"start":{"line":113,"column":12},"end":{"line":140,"column":18}}],"line":107},"6":{"loc":{"start":{"line":115,"column":23},"end":{"line":115,"column":45}},"type":"binary-expr","locations":[{"start":{"line":115,"column":23},"end":{"line":115,"column":39}},{"start":{"line":115,"column":43},"end":{"line":115,"column":45}}],"line":115},"7":{"loc":{"start":{"line":118,"column":18},"end":{"line":118,"column":50}},"type":"if","locations":[{"start":{"line":118,"column":18},"end":{"line":118,"column":50}},{"start":{},"end":{}}],"line":118},"8":{"loc":{"start":{"line":125,"column":34},"end":{"line":125,"column":69}},"type":"cond-expr","locations":[{"start":{"line":125,"column":49},"end":{"line":125,"column":58}},{"start":{"line":125,"column":61},"end":{"line":125,"column":69}}],"line":125},"9":{"loc":{"start":{"line":130,"column":15},"end":{"line":139,"column":15}},"type":"binary-expr","locations":[{"start":{"line":130,"column":15},"end":{"line":130,"column":27}},{"start":{"line":131,"column":16},"end":{"line":138,"column":22}}],"line":130},"10":{"loc":{"start":{"line":135,"column":31},"end":{"line":135,"column":61}},"type":"binary-expr","locations":[{"start":{"line":135,"column":31},"end":{"line":135,"column":52}},{"start":{"line":135,"column":56},"end":{"line":135,"column":61}}],"line":135},"11":{"loc":{"start":{"line":153,"column":69},"end":{"line":153,"column":105}},"type":"cond-expr","locations":[{"start":{"line":153,"column":88},"end":{"line":153,"column":100}},{"start":{"line":153,"column":103},"end":{"line":153,"column":105}}],"line":153},"12":{"loc":{"start":{"line":163,"column":11},"end":{"line":200,"column":11}},"type":"binary-expr","locations":[{"start":{"line":163,"column":11},"end":{"line":163,"column":27}},{"start":{"line":164,"column":12},"end":{"line":199,"column":18}}],"line":163},"13":{"loc":{"start":{"line":168,"column":33},"end":{"line":168,"column":93}},"type":"binary-expr","locations":[{"start":{"line":168,"column":33},"end":{"line":168,"column":45}},{"start":{"line":168,"column":49},"end":{"line":168,"column":93}}],"line":168},"14":{"loc":{"start":{"line":191,"column":21},"end":{"line":195,"column":21}},"type":"binary-expr","locations":[{"start":{"line":191,"column":21},"end":{"line":191,"column":44}},{"start":{"line":192,"column":22},"end":{"line":194,"column":27}}],"line":191}},"s":{"0":0,"1":0,"2":0,"3":0,"4":0,"5":0,"6":0,"7":0,"8":0,"9":0,"10":0,"11":0,"12":0,"13":0,"14":0,"15":0,"16":0,"17":0,"18":0,"19":0,"20":0,"21":0,"22":0,"23":0,"24":0,"25":0,"26":0,"27":0,"28":0,"29":0,"30":0,"31":0,"32":0,"33":0,"34":0,"35":0,"36":0},"f":{"0":0,"1":0,"2":0,"3":0,"4":0,"5":0,"6":0,"7":0,"8":0,"9":0,"10":0},"b":{"0":[0,0],"1":[0,0],"2":[0,0],"3":[0,0],"4":[0,0],"5":[0,0],"6":[0,0],"7":[0,0],"8":[0,0],"9":[0,0],"10":[0,0],"11":[0,0],"12":[0,0],"13":[0,0],"14":[0,0]}}
,"/var/www/vibe/gitprime/src/components/SummaryCards.jsx": {"path":"/var/www/vibe/gitprime/src/components/SummaryCards.jsx","statementMap":{"0":{"start":{"line":5,"column":20},"end":{"line":5,"column":29}},"1":{"start":{"line":6,"column":32},"end":{"line":12,"column":4}},"2":{"start":{"line":14,"column":2},"end":{"line":18,"column":25}},"3":{"start":{"line":15,"column":4},"end":{"line":17,"column":5}},"4":{"start":{"line":16,"column":6},"end":{"line":16,"column":20}},"5":{"start":{"line":20,"column":23},"end":{"line":76,"column":3}},"6":{"start":{"line":21,"column":4},"end":{"line":21,"column":52}},"7":{"start":{"line":21,"column":24},"end":{"line":21,"column":50}},"8":{"start":{"line":23,"column":4},"end":{"line":75,"column":5}},"9":{"start":{"line":25,"column":28},"end":{"line":25,"column":89}},"10":{"start":{"line":26,"column":18},"end":{"line":26,"column":137}},"11":{"start":{"line":28,"column":6},"end":{"line":28,"column":48}},"12":{"start":{"line":30,"column":30},"end":{"line":35,"column":8}},"13":{"start":{"line":37,"column":6},"end":{"line":37,"column":69}},"14":{"start":{"line":39,"column":6},"end":{"line":65,"column":7}},"15":{"start":{"line":40,"column":24},"end":{"line":40,"column":52}},"16":{"start":{"line":41,"column":8},"end":{"line":41,"column":55}},"17":{"start":{"line":44,"column":29},"end":{"line":44,"column":31}},"18":{"start":{"line":45,"column":8},"end":{"line":48,"column":10}},"19":{"start":{"line":46,"column":23},"end":{"line":46,"column":73}},"20":{"start":{"line":47,"column":10},"end":{"line":47,"column":60}},"21":{"start":{"line":50,"column":27},"end":{"line":50,"column":59}},"22":{"start":{"line":51,"column":29},"end":{"line":51,"column":43}},"23":{"start":{"line":52,"column":33},"end":{"line":52,"column":79}},"24":{"start":{"line":54,"column":8},"end":{"line":60,"column":10}},"25":{"start":{"line":62,"column":26},"end":{"line":62,"column":54}},"26":{"start":{"line":63,"column":8},"end":{"line":63,"column":70}},"27":{"start":{"line":64,"column":8},"end":{"line":64,"column":78}},"28":{"start":{"line":67,"column":6},"end":{"line":67,"column":53}},"29":{"start":{"line":68,"column":6},"end":{"line":74,"column":8}},"30":{"start":{"line":78,"column":16},"end":{"line":123,"column":3}},"31":{"start":{"line":125,"column":2},"end":{"line":142,"column":3}},"32":{"start":{"line":128,"column":8},"end":{"line":139,"column":14}}},"fnMap":{"0":{"name":"SummaryCards","decl":{"start":{"line":4,"column":24},"end":{"line":4,"column":36}},"loc":{"start":{"line":4,"column":53},"end":{"line":143,"column":1}},"line":4},"1":{"name":"(anonymous_1)","decl":{"start":{"line":14,"column":12},"end":{"line":14,"column":13}},"loc":{"start":{"line":14,"column":18},"end":{"line":18,"column":3}},"line":14},"2":{"name":"(anonymous_2)","decl":{"start":{"line":20,"column":23},"end":{"line":20,"column":24}},"loc":{"start":{"line":20,"column":35},"end":{"line":76,"column":3}},"line":20},"3":{"name":"(anonymous_3)","decl":{"start":{"line":21,"column":15},"end":{"line":21,"column":16}},"loc":{"start":{"line":21,"column":24},"end":{"line":21,"column":50}},"line":21},"4":{"name":"(anonymous_4)","decl":{"start":{"line":45,"column":24},"end":{"line":45,"column":25}},"loc":{"start":{"line":45,"column":34},"end":{"line":48,"column":9}},"line":45},"5":{"name":"(anonymous_5)","decl":{"start":{"line":127,"column":17},"end":{"line":127,"column":18}},"loc":{"start":{"line":128,"column":8},"end":{"line":139,"column":14}},"line":128}},"branchMap":{"0":{"loc":{"start":{"line":15,"column":4},"end":{"line":17,"column":5}},"type":"if","locations":[{"start":{"line":15,"column":4},"end":{"line":17,"column":5}},{"start":{},"end":{}}],"line":15},"1":{"loc":{"start":{"line":15,"column":8},"end":{"line":15,"column":27}},"type":"binary-expr","locations":[{"start":{"line":15,"column":8},"end":{"line":15,"column":18}},{"start":{"line":15,"column":22},"end":{"line":15,"column":27}}],"line":15},"2":{"loc":{"start":{"line":39,"column":6},"end":{"line":65,"column":7}},"type":"if","locations":[{"start":{"line":39,"column":6},"end":{"line":65,"column":7}},{"start":{"line":61,"column":13},"end":{"line":65,"column":7}}],"line":39},"3":{"loc":{"start":{"line":47,"column":32},"end":{"line":47,"column":55}},"type":"binary-expr","locations":[{"start":{"line":47,"column":32},"end":{"line":47,"column":50}},{"start":{"line":47,"column":54},"end":{"line":47,"column":55}}],"line":47},"4":{"loc":{"start":{"line":52,"column":33},"end":{"line":52,"column":79}},"type":"cond-expr","locations":[{"start":{"line":52,"column":50},"end":{"line":52,"column":75}},{"start":{"line":52,"column":78},"end":{"line":52,"column":79}}],"line":52},"5":{"loc":{"start":{"line":81,"column":13},"end":{"line":81,"column":59}},"type":"cond-expr","locations":[{"start":{"line":81,"column":31},"end":{"line":81,"column":36}},{"start":{"line":81,"column":39},"end":{"line":81,"column":59}}],"line":81},"6":{"loc":{"start":{"line":92,"column":13},"end":{"line":92,"column":63}},"type":"cond-expr","locations":[{"start":{"line":92,"column":31},"end":{"line":92,"column":36}},{"start":{"line":92,"column":39},"end":{"line":92,"column":63}}],"line":92},"7":{"loc":{"start":{"line":103,"column":13},"end":{"line":103,"column":57}},"type":"cond-expr","locations":[{"start":{"line":103,"column":31},"end":{"line":103,"column":36}},{"start":{"line":103,"column":39},"end":{"line":103,"column":57}}],"line":103},"8":{"loc":{"start":{"line":114,"column":13},"end":{"line":114,"column":71}},"type":"cond-expr","locations":[{"start":{"line":114,"column":31},"end":{"line":114,"column":36}},{"start":{"line":114,"column":39},"end":{"line":114,"column":71}}],"line":114}},"s":{"0":0,"1":0,"2":0,"3":0,"4":0,"5":0,"6":0,"7":0,"8":0,"9":0,"10":0,"11":0,"12":0,"13":0,"14":0,"15":0,"16":0,"17":0,"18":0,"19":0,"20":0,"21":0,"22":0,
[...]
":{"start":{"line":288,"column":29},"end":{"line":290,"column":9}},"58":{"start":{"line":289,"column":40},"end":{"line":289,"column":58}},"59":{"start":{"line":292,"column":4},"end":{"line":298,"column":5}},"60":{"start":{"line":297,"column":52},"end":{"line":297,"column":67}},"61":{"start":{"line":303,"column":19},"end":{"line":303,"column":63}},"62":{"start":{"line":304,"column":25},"end":{"line":308,"column":6}},"63":{"start":{"line":305,"column":24},"end":{"line":305,"column":49}},"64":{"start":{"line":306,"column":21},"end":{"line":306,"column":75}},"65":{"start":{"line":307,"column":6},"end":{"line":307,"column":32}},"66":{"start":{"line":310,"column":30},"end":{"line":310,"column":32}},"67":{"start":{"line":312,"column":4},"end":{"line":323,"column":6}},"68":{"start":{"line":313,"column":6},"end":{"line":322,"column":7}},"69":{"start":{"line":314,"column":27},"end":{"line":314,"column":44}},"70":{"start":{"line":315,"column":8},"end":{"line":320,"column":9}},"71":{"start":{"line":316,"column":10},"end":{"line":319,"column":11}},"72":{"start":{"line":321,"column":8},"end":{"line":321,"column":56}},"73":{"start":{"line":326,"column":4},"end":{"line":329,"column":6}},"74":{"start":{"line":327,"column":25},"end":{"line":327,"column":54}},"75":{"start":{"line":328,"column":6},"end":{"line":328,"column":75}},"76":{"start":{"line":331,"column":4},"end":{"line":335,"column":5}},"77":{"start":{"line":340,"column":28},"end":{"line":340,"column":30}},"78":{"start":{"line":341,"column":20},"end":{"line":341,"column":68}},"79":{"start":{"line":343,"column":4},"end":{"line":345,"column":5}},"80":{"start":{"line":344,"column":6},"end":{"line":344,"column":28}},"81":{"start":{"line":348,"column":30},"end":{"line":348,"column":108}},"82":{"start":{"line":348,"column":57},"end":{"line":348,"column":87}},"83":{"start":{"line":349,"column":27},"end":{"line":349,"column":104}},"84":{"start":{"line":349,"column":54},"end":{"line":349,"column":83}},"85":{"start":{"line":350,"column":30},"end":{"line":350,"column":111}},"86":{"start":{"line":350,"column":57},"end":{"line":350,"column":90}},"87":{"start":{"line":353,"column":27},"end":{"line":356,"column":5}},"88":{"start":{"line":354,"column":6},"end":{"line":355,"column":59}},"89":{"start":{"line":358,"column":28},"end":{"line":361,"column":5}},"90":{"start":{"line":359,"column":6},"end":{"line":360,"column":59}},"91":{"start":{"line":363,"column":23},"end":{"line":365,"column":5}},"92":{"start":{"line":364,"column":6},"end":{"line":364,"column":52}},"93":{"start":{"line":367,"column":26},"end":{"line":369,"column":5}},"94":{"start":{"line":368,"column":6},"end":{"line":368,"column":52}},"95":{"start":{"line":372,"column":4},"end":{"line":385,"column":5}},"96":{"start":{"line":373,"column":6},"end":{"line":384,"column":8}},"97":{"start":{"line":383,"column":41},"end":{"line":383,"column":82}},"98":{"start":{"line":387,"column":4},"end":{"line":400,"column":5}},"99":{"start":{"line":388,"column":6},"end":{"line":399,"column":8}},"100":{"start":{"line":398,"column":42},"end":{"line":398,"column":83}},"101":{"start":{"line":402,"column":4},"end":{"line":415,"column":5}},"102":{"start":{"line":403,"column":6},"end":{"line":414,"column":8}},"103":{"start":{"line":413,"column":37},"end":{"line":413,"column":78}},"104":{"start":{"line":417,"column":4},"end":{"line":430,"column":5}},"105":{"start":{"line":418,"column":6},"end":{"line":429,"column":8}},"106":{"start":{"line":428,"column":40},"end":{"line":428,"column":81}},"107":{"start":{"line":433,"column":34},"end":{"line":433,"column":93}},"108":{"start":{"line":433,"column":77},"end":{"line":433,"column":92}},"109":{"start":{"line":434,"column":4},"end":{"line":446,"column":5}},"110":{"start":{"line":435,"column":6},"end":{"line":445,"column":8}},"111":{"start":{"line":448,"column":4},"end":{"line":451,"column":6}},"112":{"start":{"line":449,"column":28},"end":{"line":449,"column":58}},"113":{"start":{"line":450,"column":6},"end":{"line":450,"column":66}}},"fnMap":{"0":{"name":"(anonymous_0)","decl":{"start":{"line":9,"column":2},"end":{"line":9,"column":3}},"loc":{"start":{"line":9,"column":21},"end":{"line":11,"column":3}},"line":9},"1":{"name":"(anonymous_1)","decl":{"start":{"line":13,"column":2},"end":{"line":13,"column":3}},"loc":{"start":{"line":13,"column":37},"end":{"line":55,"column":3}},"line":13},"2":{"name":"(anonymous_2)","decl":{"start":{"line":41,"column":67},"end":{"line":41,"column":68}},"loc":{"start":{"line":41,"column":72},"end":{"line":41,"column":81}},"line":41},"3":{"name":"(anonymous_3)","decl":{"start":{"line":58,"column":2},"end":{"line":58,"column":3}},"loc":{"start":{"line":58,"column":32},"end":{"line":134,"column":3}},"line":58},"4":{"name":"(anonymous_4)","decl":{"start":{"line":133,"column":33},"end":{"line":133,"column":34}},"loc":{"start":{"line":133,"column":41},"end":{"line":133,"column":50}},"line":133},"5":{"name":"(anonymous_5)","decl":{"start":{"line":137,"column":2},"end":{"line":137,"column":3}},"loc":{"start":{"line":137,"column":19},"end":{"line":171,"column":3}},"line":137},"6":{"name":"(anonymous_6)","decl":{"start":{"line":167,"column":32},"end":{"line":167,"column":33}},"loc":{"start":{"line":167,"column":41},"end":{"line":170,"column":5}},"line":167},"7":{"name":"(anonymous_7)","decl":{"start":{"line":169,"column":43},"end":{"line":169,"column":44}},"loc":{"start":{"line":169,"column":57},"end":{"line":169,"column":72}},"line":169},"8":{"name":"(anonymous_8)","decl":{"start":{"line":174,"column":2},"end":{"line":174,"column":3}},"loc":{"start":{"line":174,"column":46},"end":{"line":216,"column":3}},"line":174},"9":{"name":"(anonymous_9)","decl":{"start":{"line":215,"column":33},"end":{"line":215,"column":34}},"loc":{"start":{"line":215,"column":41},"end":{"line":215,"column":50}},"line":215},"10":{"name":"(anonymous_10)","decl":{"start":{"line":219,"column":2},"end":{"line":219,"column":3}},"loc":{"start":{"line":219,"column":33},"end":{"line":268,"column":3}},"line":219},"11":{"name":"(anonymous_11)","decl":{"start":{"line":264,"column":33},"end":{"line":264,"column":34}},"loc":{"start":{"line":264,"column":42},"end":{"line":267,"column":5}},"line":264},"12":{"name":"(anonymous_12)","decl":{"start":{"line":266,"column":41},"end":{"line":266,"column":42}},"loc":{"start":{"line":266,"column":54},"end":{"line":266,"column":68}},"line":266},"13":{"name":"(anonymous_13)","decl":{"start":{"line":271,"column":2},"end":{"line":271,"column":3}},"loc":{"start":{"line":271,"column":35},"end":{"line":299,"column":3}},"line":271},"14":{"name":"(anonymous_14)","decl":{"start":{"line":272,"column":42},"end":{"line":272,"column":43}},"loc":{"start":{"line":273,"column":6},"end":{"line":273,"column":59}},"line":273},"15":{"name":"(anonymous_15)","decl":{"start":{"line":276,"column":49},"end":{"line":276,"column":50}},"loc":{"start":{"line":277,"column":6},"end":{"line":277,"column":33}},"line":277},"16":{"name":"(anonymous_16)","decl":{"start":{"line":281,"column":31},"end":{"line":281,"column":32}},"loc":{"start":{"line":281,"column":47},"end":{"line":285,"column":9}},"line":281},"17":{"name":"(anonymous_17)","decl":{"start":{"line":289,"column":31},"end":{"line":289,"column":32}},"loc":{"start":{"line":289,"column":40},"end":{"line":289,"column":58}},"line":289},"18":{"name":"(anonymous_18)","decl":{"start":{"line":297,"column":43},"end":{"line":297,"column":44}},"loc":{"start":{"line":297,"column":52},"end":{"line":297,"column":67}},"line":297},"19":{"name":"(anonymous_19)","decl":{"start":{"line":302,"column":2},"end":{"line":302,"column":3}},"loc":{"start":{"line":302,"column":51},"end":{"line":336,"column":3}},"line":302},"20":{"name":"(anonymous_20)","decl":{"start":{"line":304,"column":39},"end":{"line":304,"column":40}},"loc":{"start":{"line":304,"column":48},"end":{"line":308,"column":5}},"line":304},"21":{"name":"(anonymous_21)","decl":{"start":{"line":312,"column":25},"end":{"line":312,"column":26}},"loc":{"start":{"line":312,"column":34},"end":{"line":323,"column":5}},"line":312},"22":{"name":"(anonymous_22)","decl":{"start":{"line":326,"column":43},"end":{"line":326,"column":44}},"loc":{"start":{"line":326,"column":57},"end":{"line":329,"column":5}},"line":326},"23":{"name":"(anonymous_23)","decl":{"start":{"line":339,"column":2},"end":{"line":339,"column":3}},"loc":{"start":{"line":339,"column":51},"end":{"line":452,"column":3}},"line":339},"24":{"name":"(anonymous_24)","decl":{"start":{"line":348,"column":45},"end":{"line":348,"column":46}},"loc":{"start":{"line":348,"column":57},"end":{"line":348,"column":87}},"line":348},"25":{"name":"(anonymous_25)","decl":{"start":{"line":349,"column":42},"end":{"line":349,"column":43}},"loc":{"start":{"line":349,"column":54},"end":{"line":349,"column":83}},"line":349},"26":{"name":"(anonymous_26)","decl":{"start":{"line":350,"column":45},"end":{"line":350,"column":46}},"loc":{"start":{"line":350,"column":57},"end":{"line":350,"column":90}},"line":350},"27":{"name":"(anonymous_27)","decl":{"start":{"line":353,"column":42},"end":{"line":353,"column":43}},"loc":{"start":{"line":354,"column":6},"end":{"line":355,"column":59}},"line":354},"28":{"name":"(anonymous_28)","decl":{"start":{"line":358,"column":43},"end":{"line":358,"column":44}},"loc":{"start":{"line":359,"column":6},"end":{"line":360,"column":59}},"line":359},"29":{"name":"(anonymous_29)","decl":{"start":{"line":363,"column":38},"end":{"line":363,"column":39}},"loc":{"start":{"line":364,"column":6},"end":{"line":364,"column":52}},"line":364},"30":{"name":"(anonymous_30)","decl":{"start":{"line":367,"column":41},"end":{"line":367,"column":42}},"loc":{"start":{"line":368,"column":6},"end":{"line":368,"column":52}},"line":368},"31":{"name":"(anonymous_31)","decl":{"start":{"line":383,"column":36},"end":{"line":383,"column":37}},"loc":{"start":{"line":383,"column":41},"end":{"line":383,"column":82}},"line":383},"32":{"name":"(anonymous_32)","decl":{"start":{"line":398,"column":37},"end":{"line":398,"column":38}},"loc":{"start":{"line":398,"column":42},"end":{"line":398,"column":83}},"line":398},"33":{"name":"(anonymous_33)","decl":{"start":{"line":413,"column":32},"end":{"line":413,"column":33}},"loc":{"start":{"line":413,"column":37},"end":{"line":413,"column":78}},"line":413},"34":{"name":"(anonymous_34)","decl":{"start":{"line":428,"column":35},"end":{"line":428,"column":36}},"loc":{"start":{"line":428,"column":40},"end":{"line":428,"column":81}},"line":428},"35":{"name":"(anonymous_35)","decl":{"start":{"line":433,"column":68},"end":{"line":433,"column":69}},"loc":{"start":{"line":433,"column":77},"end":{"line":433,"column":92}},"line":433},"36":{"name":"(anonymous_36)","decl":{"start":{"line":448,"column":32},"end":{"line":448,"column":33}},"loc":{"start":{"line":448,"column":42},"end":{"line":451,"column":5}},"line":448}},"branchMap":{"0":{"loc":{"start":{"line":4,"column":23},"end":{"line":6,"column":36}},"type":"cond-expr","locations":[{"start":{"line":5,"column":4},"end":{"line":5,"column":25}},{"start":{"line":6,"column":4},"end":{"line":6,"column":36}}],"line":4},"1":{"loc":{"start":{"line":13,"column":21},"end":{"line":13,"column":35}},"type":"default-arg","locations":[{"start":{"line":13,"column":33},"end":{"line":13,"column":35}}],"line":13},"2":{"loc":{"start":{"line":30,"column":6},"end":{"line":34,"column":7}},"type":"if","locations":[{"start":{"line":30,"column":6},"end":{"line":34,"column":7}},{"start":{},"end":{}}],"line":30},"3":{"loc":{"start":{"line":39,"column":6},"end":{"line":42,"column":7}},"type":"if","locations":[{"start":{"line":39,"column":6},"end":{"line":42,"column":7}},{"start":{},"end":{}}],"line":39},"4":{"loc":{"start":{"line":49,"column":6},"end":{"line":51,"column":7}},"type":"if","locations":[{"start":{"line":49,"column":6},"end":{"line":51,"column":7}},{"start":{},"end":{}}],"line":49},"5":{"loc":{"start":{"line":49,"column":10},"end":{"line":49,"column":81}},"type":"binary-expr","locations":[{"start":{"line":49,"column":10},"end":{"line":49,"column":36}},{"start":{"line":49,"column":40},"end":{"line":49,"column":81}}],"line":49},"6":{"loc":{"start":{"line":58,"column":18},"end":{"line":58,"column":30}},"type":"default-arg","locations":[{"start":{"line":58,"column":28},"end":{"line":58,"column":30}}],"line":58},"7":{"loc":{"start":{"line":59,"column":32},"end":{"line":59,"column":42}},"type":"default-arg","locations":[{"start":{"line":59,"column":40},"end":{"line":59,"column":42}}],"line":59},"8":{"loc":{"start":{"line":62,"column":4},"end":{"line":62,"column":70}},"type":"if","locations":[{"start":{"line":62,"column":4},"end":{"line":62,"column":70}},{"start":{},"end":{}}],"line":62},"9":{"loc":{"start":{"line":63,"column":4},"end":{"line":63,"column":82}},"type":"if","locations":[{"start":{"line":63,"column":4},"end":{"line":63,"column":82}},{"start":{},"end":{}}],"line":63},"10":{"loc":{"start":{"line":64,"column":4},"end":{"line":64,"column":69}},"type":"if","locations":[{"start":{"line":64,"column":4},"end":{"line":64,"column":69}},{"start":{},"end":{}}],"line":64},"11":{"loc":{"start":{"line":70,"column":12},"end":{"line":70,"column":67}},"type":"cond-expr","locations":[{"start":{"line":70,"column":30},"end":{"line":70,"column":62}},{"start":{"line":70,"column":65},"end":{"line":70,"column":67}}],"line":70},"12":{"loc":{"start":{"line":174,"column":30},"end":{"line":174,"column":44}},"type":"default-arg","locations":[{"start":{"line":174,"column":42},"end":{"line":174,"column":44}}],"line":174},"13":{"loc":{"start":{"line":219,"column":18},"end":{"line":219,"column":31}},"type":"default-arg","locations":[{"start":{"line":219,"column":27},"end":{"line":219,"column":31}}],"line":219},"14":{"loc":{"start":{"line":220,"column":23},"end":{"line":220,"column":72}},"type":"cond-expr","locations":[{"start":{"line":220,"column":32},"end":{"line":220,"column":67}},{"start":{"line":220,"column":70},"end":{"line":220,"column":72}}],"line":220},"15":{"loc":{"start":{"line":225,"column":12},"end":{"line":225,"column":57}},"type":"cond-expr","locations":[{"start":{"line":225,"column":25},"end":{"line":225,"column":52}},{"start":{"line":225,"column":55},"end":{"line":225,"column":57}}],"line":225},"16":{"loc":{"start":{"line":273,"column":6},"end":{"line":273,"column":59}},"type":"binary-expr","locations":[{"start":{"line":273,"column":6},"end":{"line":273,"column":38}},{"start":{"line":273,"column":42},"end":{"line":273,"column":59}}],"line":273},"17":{"loc":{"start":{"line":277,"column":13},"end":{"line":277,"column":32}},"type":"binary-expr","locations":[{"start":{"line":277,"column":13},"end":{"line":277,"column":27}},{"start":{"line":277,"column":31},"end":{"line":277,"column":32}}],"line":277},"18":{"loc":{"start":{"line":280,"column":30},"end":{"line":286,"column":9}},"type":"cond-expr","locations":[{"start":{"line":281,"column":8},"end":{"line":285,"column":38}},{"start":{"line":286,"column":8},"end":{"line":286,"column":9}}],"line":280},"19":{"loc":{"start":{"line":288,"column":29},"end":{"line":290,"column":9}},"type":"cond-expr","locations":[{"start":{"line":289,"column":8},"end":{"line":289,"column":91}},{"start":{"line":290,"column":8},"end":{"line":290,"column":9}}],"line":288},"20":{"loc":{"start":{"line":302,"column":35},"end":{"line":302,"column":49}},"type":"default-arg","locations":[{"start":{"line":302,"column":47},"end":{"line":302,"column":49}}],"line":302},"21":{"loc":{"start":{"line":313,"column":6},"end":{"line":322,"column":7}},"type":"if","locations":[{"start":{"line":313,"column":6},"end":{"line":322,"column":7}},{"start":{},"end":{}}],"line":313},"22":{"loc":{"start":{"line":315,"column":8},"end":{"line":320,"column":9}},"type":"if","locations":[{"start":{"line":315,"column":8},"end":{"line":320,"column":9}},{"start":{},"end":{}}],"line":315},"23":{"loc":{"start":{"line":343,"column":4},"end":{"line":345,"column":5}},"type":"if","locations":[{"start":{"line":343,"column":4},"end":{"line":345,"column":5}},{"start":{},"end":{}}],"line":343},"24":{"loc":{"start":{"line":354,"column":6},"end":{"line":355,"column":59}},"type":"binary-expr","locations":[{"start":{"line":354,"column":6},"end":{"line":354,"column":56}},{"start":{"line":355,"column":6},"end":{"line":355,"column":59}}],"line":354},"25":{"loc":{"start":{"line":359,"column":6},"end":{"line":360,"column":59}},"type":"binary-expr","locations":[{"start":{"line":359,"column":6},"end":{"line":359,"column":56}},{"start":{"line":360,"column":6},"end":{"line":360,"column":59}}],"line":359},"26":{"loc":{"start":{"line":372,"column":4},"end":{"line":385,"column":5}},"type":"if","locations":[{"start":{"line":372,"column":4},"end":{"line":385,"column":5}},{"start":{},"end":{}}],"line":372},"27":{"loc":{"start":{"line":383,"column":41},"end":{"line":383,"column":82}},"type":"binary-expr","locations":[{"start":{"line":383,"column":41},"end":{"line":383,"column":63}},{"start":{"line":383,"column":67},"end":{"line":383,"column":82}}],"line":383},"28":{"loc":{"start":{"line":387,"column":4},"end":{"line":400,"column":5}},"type":"if","locations":[{"start":{"line":387,"column":4},"end":{"line":400,"column":5}},{"start":{},"end":{}}],"line":387},"29":{"loc":{"start":{"line":398,"column":42},"end":{"line":398,"column":83}},"type":"binary-expr","locations":[{"start":{"line":398,"column":42},"end":{"line":398,"column":64}},{"start":{"line":398,"column":68},"end":{"line":398,"column":83}}],"line":398},"30":{"loc":{"start":{"line":402,"column":4},"end":{"line":415,"column":5}},"type":"if","locations":[{"start":{"line":402,"column":4},"end":{"line":415,"column":5}},{"start":{},"end":{}}],"line":402},"31":{"loc":{"start":{"line":413,"column":37},"end":{"line":413,"column":78}},"type":"binary-expr","locations":[{"start":{"line":413,"column":37},"end":{"line":413,"column":59}},{"start":{"line":413,"column":63},"end":{"line":413,"column":78}}],"line":413},"32":{"loc":{"start":{"line":417,"column":4},"end":{"line":430,"column":5}},"type":"if","locations":[{"start":{"line":417,"column":4},"end":{"line":430,"column":5}},{"start":{},"end":{}}],"line":417},"33":{"loc":{"start":{"line":428,"column":40},"end":{"line":428,"column":81}},"type":"binary-expr","locations":[{"start":{"line":428,"column":40},"end":{"line":428,"column":62}},{"start":{"line":428,"column":66},"end":{"line":428,"column":81}}],"line":428},"34":{"loc":{"start":{"line":434,"column":4},"end":{"line":446,"column":5}},"type":"if","locations":[{"start":{"line":434,"column":4},"end":{"line":446,"column":5}},{"start":{},"end":{}}],"line":434}},"s":{"0":0,"1":0,"2":0,"3":0,"4":0,"5":0,"6":0,"7":0,"8":0,"9":0,"10":0,"11":0,"12":0,"13":0,"14":0,"15":0,"16":0,"17":0,"18":0,"19":0,"20":0,"21":0,"22":0,"23":0,"24":0,"25":0,"26":0,"27":0,"28":0,"29":0,"30":0,"31":0,"32":0,"33":0,"34":0,"35":0,"36":0,"37":0,"38":0,"39":0,"40":0,"41":0,"42":0,"43":0,"44":0,"45":0,"46":0,"47":0,"48":0,"49":0,"50":0,"51":0,"52":0,"53":0,"54":0,"55":0,"56":0,"57":0,"58":0,"59":0,"60":0,"61":0,"62":0,"63":0,"64":0,"65":0,"66":0,"67":0,"68":0,"69":0,"70":0,"71":0,"72":0,"73":0,"74":0,"75":0,"76":0,"77":0,"78":0,"79":0,"80":0,"81":0,"82":0,"83":0,"84":0,"85":0,"86":0,"87":0,"88":0,"89":0,"90":0,"91":0,"92":0,"93":0,"94":0,"95":0,"96":0,"97":0,"98":0,"99":0,"100":0,"101":0,"102":0,"103":0,"104":0,"105":0,"106":0,"107":0,"108":0,"109":0,"110":0,"111":0,"112":0,"113":0},"f":{"0":0,"1":0,"2":0,"3":0,"4":0,"5":0,"6":0,"7":0,"8":0,"9":0,"10":0,"11":0,"12":0,"13":0,"14":0,"15":0,"16":0,"17":0,"18":0,"19":0,"20":0,"21":0,"22":0,"23":0,"24":0,"25":0,"26":0,"27":0,"28":0,"29":0,"30":0,"31":0,"32":0,"33":0,"34":0,"35":0,"36":0},"b":{"0":[0,0],"1":[0],"2":[0,0],"3":[0,0],"4":[0,0],"5":[0,0],"6":[0],"7":[0],"8":[0,0],"9":[0,0],"10":[0,0],"11":[0,0],"12":[0],"13":[0],"14":[0,0],"15":[0,0],"16":[0,0],"17":[0,0],"18":[0,0],"19":[0,0],"20":[0],"21":[0,0],"22":[0,0],"23":[0,0],"24":[0,0],"25":[0,0],"26":[0,0],"27":[0,0],"28":[0,0],"29":[0,0],"30":[0,0],"31":[0,0],"32":[0,0],"33":[0,0],"34":[0,0]}}
}
